2026-01-22 08:24:26,975 - INFO - Loaded external stocks from: stocks.json
2026-01-22 08:24:26,975 - INFO - ============================================================
2026-01-22 08:24:26,977 - INFO - ROI Calculator (Fast Version) Started
2026-01-22 08:24:26,977 - INFO - Date: 2026-01-22 08:24:26
2026-01-22 08:24:26,977 - INFO - Stocks: 5
2026-01-22 08:24:26,977 - INFO - Data Source: Tencent (price) + akshare (finance + dividend)
2026-01-22 08:24:26,977 - INFO - ============================================================
2026-01-22 08:24:27,706 - INFO - [东阿阿胶] Price: 50.15
2026-01-22 08:24:30,266 - INFO - [东阿阿胶] ROE: 14.6%, BPS: 16.010162757084, PB: 3.13
2026-01-22 08:24:31,827 - INFO - [东阿阿胶] TTM-Dividend(from Xueqiu): 2.543, Yield: 5.071%
2026-01-22 08:24:31,827 - INFO - [东阿阿胶] Formula2-ROE/PB: 4.66%
2026-01-22 08:24:32,558 - INFO - [五粮液] Price: 103.05
2026-01-22 08:24:33,295 - INFO - [五粮液] ROE: 23.35%, BPS: 34.337646110654, PB: 3.0
2026-01-22 08:24:34,837 - INFO - [五粮液] TTM-Dividend(from Xueqiu): 5.747, Yield: 5.577%
2026-01-22 08:24:34,837 - INFO - [五粮液] Formula2-ROE/PB: 7.78%
2026-01-22 08:24:35,581 - INFO - [贵州茅台] Price: 1351.06
2026-01-22 08:24:36,301 - INFO - [贵州茅台] ROE: 36.02%, BPS: 185.564713136315, PB: 7.28
2026-01-22 08:24:37,861 - INFO - [贵州茅台] TTM-Dividend(from Xueqiu): 51.717, Yield: 3.828%
2026-01-22 08:24:37,861 - INFO - [贵州茅台] Formula2-ROE/PB: 4.95%
2026-01-22 08:24:38,567 - INFO - [洋河股份] Price: 63.18
2026-01-22 08:24:39,292 - INFO - [洋河股份] ROE: 20.0%, BPS: 32.236885718649, PB: 1.96
2026-01-22 08:24:40,927 - INFO - [洋河股份] TTM-Dividend(from Xueqiu): 4.647, Yield: 7.355%
2026-01-22 08:24:40,928 - INFO - [洋河股份] Formula2-ROE/PB: 10.20%
2026-01-22 08:24:41,616 - INFO - [格力电器] Price: 40.77
2026-01-22 08:24:42,386 - INFO - [格力电器] ROE: 25.42%, BPS: 24.532573661028, PB: 1.66
2026-01-22 08:24:43,891 - INFO - [格力电器] TTM-Dividend(from Xueqiu): 3.0, Yield: 7.358%
2026-01-22 08:24:43,891 - INFO - [格力电器] Formula2-ROE/PB: 15.31%
2026-01-22 08:24:43,893 - INFO - Execution Time: 16.9 seconds
2026-01-22 08:24:43,896 - INFO - =====================================================================================
2026-01-22 08:24:43,897 - INFO - ROI Summary:
2026-01-22 08:24:43,897 - INFO - Name         Code       Price      ROE      PB       LTM        F1-Yield     F2-ROE/PB 
2026-01-22 08:24:43,897 - INFO - -------------------------------------------------------------------------------------
2026-01-22 08:24:43,900 - INFO - 东阿阿胶         SZ000423   50.15      14.60    3.13     2.5430     5.07%        4.66%     
2026-01-22 08:24:43,901 - INFO - 五粮液          SZ000858   103.05     23.35    3.00     5.7470     5.58%        7.78%     
2026-01-22 08:24:43,901 - INFO - 贵州茅台         SH600519   1351.06    36.02    7.28     51.7170    3.83%        4.95%     
2026-01-22 08:24:43,901 - INFO - 洋河股份         SZ002304   63.18      20.00    1.96     4.6470     7.36%        10.20%    
2026-01-22 08:24:43,903 - INFO - 格力电器         SZ000651   40.77      25.42    1.66     3.0000     7.36%        15.31%    
2026-01-22 08:24:43,908 - INFO - -------------------------------------------------------------------------------------
2026-01-22 08:24:43,908 - INFO - 
Formula 1 (Dividend Yield) Ranking:
2026-01-22 08:24:43,909 - INFO -   1. 格力电器: 7.36%
2026-01-22 08:24:43,909 - INFO -   2. 洋河股份: 7.36%
2026-01-22 08:24:43,909 - INFO -   3. 五粮液: 5.58%
2026-01-22 08:24:43,910 - INFO -   4. 东阿阿胶: 5.07%
2026-01-22 08:24:43,910 - INFO -   5. 贵州茅台: 3.83%
2026-01-22 08:24:43,911 - INFO - 
Formula 2 (ROE/PB) Ranking:
2026-01-22 08:24:43,911 - INFO -   1. 格力电器: 15.31%
2026-01-22 08:24:43,911 - INFO -   2. 洋河股份: 10.20%
2026-01-22 08:24:43,912 - INFO -   3. 五粮液: 7.78%
2026-01-22 08:24:43,912 - INFO -   4. 贵州茅台: 4.95%
2026-01-22 08:24:43,913 - INFO -   5. 东阿阿胶: 4.66%
2026-01-22 08:24:43,913 - INFO - =====================================================================================
2026-01-22 08:24:43,913 - INFO - Formulas:
2026-01-22 08:24:43,914 - INFO -   F1 = (Dividend / Price) x 100%
2026-01-22 08:24:43,914 - INFO -   F2 = ROE / PB x 100%
2026-01-22 08:24:43,917 - INFO -   LTM = 2024 Annual - 2024 Mid + 2025 Mid
2026-01-22 08:24:43,918 - INFO - =====================================================================================
2026-01-22 08:24:46,032 - INFO - Output files saved to: data/output
2026-01-22 08:24:46,032 - INFO - ROI Calculator (Fast Version) Completed
2026-01-22 08:24:46,033 - INFO - ============================================================
2026-01-22 08:31:27,826 - INFO - Loaded external stocks from: stocks.json
2026-01-22 08:31:27,827 - INFO - ============================================================
2026-01-22 08:31:27,827 - INFO - ROI Calculator (Fast Version) Started
2026-01-22 08:31:27,827 - INFO - Date: 2026-01-22 08:31:27
2026-01-22 08:31:27,827 - INFO - Stocks: 5
2026-01-22 08:31:27,828 - INFO - Data Source: Tencent (price) + akshare (finance + dividend)
2026-01-22 08:31:27,828 - INFO - ============================================================
2026-01-22 08:31:28,582 - INFO - [东阿阿胶] Price: 50.15
2026-01-22 08:31:30,593 - INFO - [东阿阿胶] ROE: 14.6%, PB: 1.29
2026-01-22 08:31:31,984 - INFO - [东阿阿胶] TTM-Dividend(from Xueqiu): 2.543, Yield: 5.071%
2026-01-22 08:31:31,984 - INFO - [东阿阿胶] Formula2-ROE/PB: 11.32%
2026-01-22 08:31:32,619 - INFO - [五粮液] Price: 103.05
2026-01-22 08:31:33,383 - INFO - [五粮液] ROE: 23.35%, PB: 0.68
2026-01-22 08:31:34,892 - INFO - [五粮液] TTM-Dividend(from Xueqiu): 5.747, Yield: 5.577%
2026-01-22 08:31:34,892 - INFO - [五粮液] Formula2-ROE/PB: 34.34%
2026-01-22 08:31:35,572 - INFO - [贵州茅台] Price: 1351.06
2026-01-22 08:31:36,240 - INFO - [贵州茅台] ROE: 36.02%, PB: 0.52
2026-01-22 08:31:37,627 - INFO - [贵州茅台] TTM-Dividend(from Xueqiu): 51.717, Yield: 3.828%
2026-01-22 08:31:37,627 - INFO - [贵州茅台] Formula2-ROE/PB: 69.27%
2026-01-22 08:31:38,294 - INFO - [洋河股份] Price: 63.18
2026-01-22 08:31:38,955 - INFO - [洋河股份] ROE: 20.0%, PB: 0.41
2026-01-22 08:31:40,321 - INFO - [洋河股份] TTM-Dividend(from Xueqiu): 4.647, Yield: 7.355%
2026-01-22 08:31:40,321 - INFO - [洋河股份] Formula2-ROE/PB: 48.78%
2026-01-22 08:31:40,988 - INFO - [格力电器] Price: 40.77
2026-01-22 08:31:41,686 - INFO - [格力电器] ROE: 25.42%, PB: 1.2
2026-01-22 08:31:43,098 - INFO - [格力电器] TTM-Dividend(from Xueqiu): 3.0, Yield: 7.358%
2026-01-22 08:31:43,098 - INFO - [格力电器] Formula2-ROE/PB: 21.18%
2026-01-22 08:31:43,103 - INFO - Execution Time: 15.3 seconds
2026-01-22 08:31:43,103 - INFO - =====================================================================================
2026-01-22 08:31:43,104 - INFO - ROI Summary:
2026-01-22 08:31:43,105 - INFO - Name         Code       Price      ROE      PB       LTM        F1-Yield     F2-ROE/PB 
2026-01-22 08:31:43,105 - INFO - -------------------------------------------------------------------------------------
2026-01-22 08:31:43,106 - INFO - 东阿阿胶         SZ000423   50.15      14.60    1.29     2.5430     5.07%        11.32%    
2026-01-22 08:31:43,106 - INFO - 五粮液          SZ000858   103.05     23.35    0.68     5.7470     5.58%        34.34%    
2026-01-22 08:31:43,106 - INFO - 贵州茅台         SH600519   1351.06    36.02    0.52     51.7170    3.83%        69.27%    
2026-01-22 08:31:43,107 - INFO - 洋河股份         SZ002304   63.18      20.00    0.41     4.6470     7.36%        48.78%    
2026-01-22 08:31:43,107 - INFO - 格力电器         SZ000651   40.77      25.42    1.20     3.0000     7.36%        21.18%    
2026-01-22 08:31:43,107 - INFO - -------------------------------------------------------------------------------------
2026-01-22 08:31:43,108 - INFO - 
Formula 1 (Dividend Yield) Ranking:
2026-01-22 08:31:43,108 - INFO -   1. 格力电器: 7.36%
2026-01-22 08:31:43,109 - INFO -   2. 洋河股份: 7.36%
2026-01-22 08:31:43,111 - INFO -   3. 五粮液: 5.58%
2026-01-22 08:31:43,111 - INFO -   4. 东阿阿胶: 5.07%
2026-01-22 08:31:43,112 - INFO -   5. 贵州茅台: 3.83%
2026-01-22 08:31:43,112 - INFO - 
Formula 2 (ROE/PB) Ranking:
2026-01-22 08:31:43,112 - INFO -   1. 贵州茅台: 69.27%
2026-01-22 08:31:43,112 - INFO -   2. 洋河股份: 48.78%
2026-01-22 08:31:43,113 - INFO -   3. 五粮液: 34.34%
2026-01-22 08:31:43,113 - INFO -   4. 格力电器: 21.18%
2026-01-22 08:31:43,113 - INFO -   5. 东阿阿胶: 11.32%
2026-01-22 08:31:43,114 - INFO - =====================================================================================
2026-01-22 08:31:43,114 - INFO - Formulas:
2026-01-22 08:31:43,115 - INFO -   F1 = (Dividend / Price) x 100%
2026-01-22 08:31:43,115 - INFO -   F2 = ROE / PB x 100%
2026-01-22 08:31:43,115 - INFO -   LTM = 2024 Annual - 2024 Mid + 2025 Mid
2026-01-22 08:31:43,116 - INFO - =====================================================================================
2026-01-22 08:31:44,982 - INFO - Output files saved to: data/output
2026-01-22 08:31:44,982 - INFO - ROI Calculator (Fast Version) Completed
2026-01-22 08:31:44,984 - INFO - ============================================================
2026-01-22 08:33:35,167 - INFO - Loaded external stocks from: stocks.json
2026-01-22 08:33:35,167 - INFO - ============================================================
2026-01-22 08:33:35,168 - INFO - ROI Calculator (Fast Version) Started
2026-01-22 08:33:35,168 - INFO - Date: 2026-01-22 08:33:35
2026-01-22 08:33:35,168 - INFO - Stocks: 5
2026-01-22 08:33:35,168 - INFO - Data Source: Tencent (price) + akshare (finance + dividend)
2026-01-22 08:33:35,168 - INFO - ============================================================
2026-01-22 08:33:35,845 - INFO - [东阿阿胶] Price: 50.15
2026-01-22 08:33:37,396 - INFO - [东阿阿胶] ROE: 14.6%, PB: 3.25
2026-01-22 08:33:38,809 - INFO - [东阿阿胶] TTM-Dividend(from Xueqiu): 2.543, Yield: 5.071%
2026-01-22 08:33:38,809 - INFO - [东阿阿胶] Formula2-ROE/PB: 4.49%
2026-01-22 08:33:39,462 - INFO - [五粮液] Price: 103.05
2026-01-22 08:33:40,097 - INFO - [五粮液] ROE: 23.35%, PB: 3.02
2026-01-22 08:33:41,583 - INFO - [五粮液] TTM-Dividend(from Xueqiu): 5.747, Yield: 5.577%
2026-01-22 08:33:41,584 - INFO - [五粮液] Formula2-ROE/PB: 7.73%
2026-01-22 08:33:42,247 - INFO - [贵州茅台] Price: 1351.06
2026-01-22 08:33:42,937 - INFO - [贵州茅台] ROE: 36.02%, PB: 7.45
2026-01-22 08:33:44,336 - INFO - [贵州茅台] TTM-Dividend(from Xueqiu): 51.717, Yield: 3.828%
2026-01-22 08:33:44,336 - INFO - [贵州茅台] Formula2-ROE/PB: 4.83%
2026-01-22 08:33:45,052 - INFO - [洋河股份] Price: 63.18
2026-01-22 08:33:46,115 - INFO - [洋河股份] ROE: 20.0%, PB: 1.96
2026-01-22 08:33:47,615 - INFO - [洋河股份] TTM-Dividend(from Xueqiu): 4.647, Yield: 7.355%
2026-01-22 08:33:47,616 - INFO - [洋河股份] Formula2-ROE/PB: 10.20%
2026-01-22 08:33:48,286 - INFO - [格力电器] Price: 40.77
2026-01-22 08:33:48,935 - INFO - [格力电器] ROE: 25.42%, PB: 1.58
2026-01-22 08:33:50,345 - INFO - [格力电器] TTM-Dividend(from Xueqiu): 3.0, Yield: 7.358%
2026-01-22 08:33:50,345 - INFO - [格力电器] Formula2-ROE/PB: 16.09%
2026-01-22 08:33:50,347 - INFO - Execution Time: 15.2 seconds
2026-01-22 08:33:50,350 - INFO - =====================================================================================
2026-01-22 08:33:50,350 - INFO - ROI Summary:
2026-01-22 08:33:50,351 - INFO - Name         Code       Price      ROE      PB       LTM        F1-Yield     F2-ROE/PB 
2026-01-22 08:33:50,351 - INFO - -------------------------------------------------------------------------------------
2026-01-22 08:33:50,351 - INFO - 东阿阿胶         SZ000423   50.15      14.60    3.25     2.5430     5.07%        4.49%     
2026-01-22 08:33:50,352 - INFO - 五粮液          SZ000858   103.05     23.35    3.02     5.7470     5.58%        7.73%     
2026-01-22 08:33:50,353 - INFO - 贵州茅台         SH600519   1351.06    36.02    7.45     51.7170    3.83%        4.83%     
2026-01-22 08:33:50,353 - INFO - 洋河股份         SZ002304   63.18      20.00    1.96     4.6470     7.36%        10.20%    
2026-01-22 08:33:50,355 - INFO - 格力电器         SZ000651   40.77      25.42    1.58     3.0000     7.36%        16.09%    
2026-01-22 08:33:50,355 - INFO - -------------------------------------------------------------------------------------
2026-01-22 08:33:50,356 - INFO - 
Formula 1 (Dividend Yield) Ranking:
2026-01-22 08:33:50,356 - INFO -   1. 格力电器: 7.36%
2026-01-22 08:33:50,356 - INFO -   2. 洋河股份: 7.36%
2026-01-22 08:33:50,356 - INFO -   3. 五粮液: 5.58%
2026-01-22 08:33:50,356 - INFO -   4. 东阿阿胶: 5.07%
2026-01-22 08:33:50,356 - INFO -   5. 贵州茅台: 3.83%
2026-01-22 08:33:50,356 - INFO - 
Formula 2 (ROE/PB) Ranking:
2026-01-22 08:33:50,357 - INFO -   1. 格力电器: 16.09%
2026-01-22 08:33:50,357 - INFO -   2. 洋河股份: 10.20%
2026-01-22 08:33:50,358 - INFO -   3. 五粮液: 7.73%
2026-01-22 08:33:50,358 - INFO -   4. 贵州茅台: 4.83%
2026-01-22 08:33:50,358 - INFO -   5. 东阿阿胶: 4.49%
2026-01-22 08:33:50,359 - INFO - =====================================================================================
2026-01-22 08:33:50,359 - INFO - Formulas:
2026-01-22 08:33:50,360 - INFO -   F1 = (Dividend / Price) x 100%
2026-01-22 08:33:50,360 - INFO -   F2 = ROE / PB x 100%
2026-01-22 08:33:50,361 - INFO -   LTM = 2024 Annual - 2024 Mid + 2025 Mid
2026-01-22 08:33:50,361 - INFO - =====================================================================================
2026-01-22 08:33:52,334 - INFO - Output files saved to: data/output
2026-01-22 08:33:52,335 - INFO - ROI Calculator (Fast Version) Completed
2026-01-22 08:33:52,337 - INFO - ============================================================
2026-01-22 08:34:21,344 - INFO - Loaded external stocks from: stocks.json
2026-01-22 08:34:21,344 - INFO - ============================================================
2026-01-22 08:34:21,345 - INFO - ROI Calculator (Fast Version) Started
2026-01-22 08:34:21,345 - INFO - Date: 2026-01-22 08:34:21
2026-01-22 08:34:21,345 - INFO - Stocks: 5
2026-01-22 08:34:21,345 - INFO - Data Source: Tencent (price) + akshare (finance + dividend)
2026-01-22 08:34:21,345 - INFO - ============================================================
2026-01-22 08:34:22,056 - INFO - [东阿阿胶] Price: 50.15
2026-01-22 08:34:23,730 - INFO - [东阿阿胶] ROE: 14.6%, PB: 3.25
2026-01-22 08:34:25,199 - INFO - [东阿阿胶] TTM-Dividend(from Xueqiu): 2.543, Yield: 5.071%
2026-01-22 08:34:25,199 - INFO - [东阿阿胶] Formula2-ROE/PB: 4.49%
2026-01-22 08:34:25,876 - INFO - [五粮液] Price: 103.05
2026-01-22 08:34:26,539 - INFO - [五粮液] ROE: 23.35%, PB: 3.02
2026-01-22 08:34:28,069 - INFO - [五粮液] TTM-Dividend(from Xueqiu): 5.747, Yield: 5.577%
2026-01-22 08:34:28,070 - INFO - [五粮液] Formula2-ROE/PB: 7.73%
2026-01-22 08:34:28,786 - INFO - [贵州茅台] Price: 1351.06
2026-01-22 08:34:29,447 - INFO - [贵州茅台] ROE: 36.02%, PB: 7.45
2026-01-22 08:34:30,870 - INFO - [贵州茅台] TTM-Dividend(from Xueqiu): 51.717, Yield: 3.828%
2026-01-22 08:34:30,870 - INFO - [贵州茅台] Formula2-ROE/PB: 4.83%
2026-01-22 08:34:31,551 - INFO - [洋河股份] Price: 63.18
2026-01-22 08:34:32,214 - INFO - [洋河股份] ROE: 20.0%, PB: 1.96
2026-01-22 08:34:33,683 - INFO - [洋河股份] TTM-Dividend(from Xueqiu): 4.647, Yield: 7.355%
2026-01-22 08:34:33,683 - INFO - [洋河股份] Formula2-ROE/PB: 10.20%
2026-01-22 08:34:34,376 - INFO - [格力电器] Price: 40.77
2026-01-22 08:34:35,111 - INFO - [格力电器] ROE: 25.42%, PB: 1.58
2026-01-22 08:34:36,586 - INFO - [格力电器] TTM-Dividend(from Xueqiu): 3.0, Yield: 7.358%
2026-01-22 08:34:36,587 - INFO - [格力电器] Formula2-ROE/PB: 16.09%
2026-01-22 08:34:36,589 - INFO - Execution Time: 15.2 seconds
2026-01-22 08:34:36,592 - INFO - =====================================================================================
2026-01-22 08:34:36,592 - INFO - ROI Summary:
2026-01-22 08:34:36,592 - INFO - Name         Code       Price      ROE      PB       LTM        F1-Yield     F2-ROE/PB 
2026-01-22 08:34:36,593 - INFO - -------------------------------------------------------------------------------------
2026-01-22 08:34:36,593 - INFO - 东阿阿胶         SZ000423   50.15      14.60    3.25     2.5430     5.07%        4.49%     
2026-01-22 08:34:36,593 - INFO - 五粮液          SZ000858   103.05     23.35    3.02     5.7470     5.58%        7.73%     
2026-01-22 08:34:36,595 - INFO - 贵州茅台         SH600519   1351.06    36.02    7.45     51.7170    3.83%        4.83%     
2026-01-22 08:34:36,596 - INFO - 洋河股份         SZ002304   63.18      20.00    1.96     4.6470     7.36%        10.20%    
2026-01-22 08:34:36,596 - INFO - 格力电器         SZ000651   40.77      25.42    1.58     3.0000     7.36%        16.09%    
2026-01-22 08:34:36,597 - INFO - -------------------------------------------------------------------------------------
2026-01-22 08:34:36,597 - INFO - 
Formula 1 (Dividend Yield) Ranking:
2026-01-22 08:34:36,597 - INFO -   1. 格力电器: 7.36%
2026-01-22 08:34:36,598 - INFO -   2. 洋河股份: 7.36%
2026-01-22 08:34:36,598 - INFO -   3. 五粮液: 5.58%
2026-01-22 08:34:36,598 - INFO -   4. 东阿阿胶: 5.07%
2026-01-22 08:34:36,599 - INFO -   5. 贵州茅台: 3.83%
2026-01-22 08:34:36,599 - INFO - 
Formula 2 (ROE/PB) Ranking:
2026-01-22 08:34:36,601 - INFO -   1. 格力电器: 16.09%
2026-01-22 08:34:36,602 - INFO -   2. 洋河股份: 10.20%
2026-01-22 08:34:36,602 - INFO -   3. 五粮液: 7.73%
2026-01-22 08:34:36,602 - INFO -   4. 贵州茅台: 4.83%
2026-01-22 08:34:36,603 - INFO -   5. 东阿阿胶: 4.49%
2026-01-22 08:34:36,603 - INFO - =====================================================================================
2026-01-22 08:34:36,604 - INFO - Formulas:
2026-01-22 08:34:36,605 - INFO -   F1 = (Dividend / Price) x 100%
2026-01-22 08:34:36,605 - INFO -   F2 = ROE / PB x 100%
2026-01-22 08:34:36,605 - INFO -   LTM = 2024 Annual - 2024 Mid + 2025 Mid
2026-01-22 08:34:36,606 - INFO - =====================================================================================
2026-01-22 08:34:38,548 - INFO - Output files saved to: data/output
2026-01-22 08:34:38,548 - INFO - ROI Calculator (Fast Version) Completed
2026-01-22 08:34:38,553 - INFO - ============================================================
