2026-01-16 12:08:09,446 - INFO - ============================================================
2026-01-16 12:08:09,446 - INFO - ROI Calculator (Fast Version) Started
2026-01-16 12:08:09,447 - INFO - Date: 2026-01-16 12:08:09
2026-01-16 12:08:09,447 - INFO - Stocks: 4
2026-01-16 12:08:09,447 - INFO - Data Source: Tencent (price) + akshare (finance + dividend)
2026-01-16 12:08:09,447 - INFO - ============================================================
2026-01-16 12:08:10,107 - INFO - [东阿阿胶] Price: 48.8
2026-01-16 12:08:11,659 - INFO - [东阿阿胶] ROE: 12.14%, BPS: 15.447619818505, PB: 3.16
2026-01-16 12:08:22,069 - INFO - [东阿阿胶] Dividends - Annual2024: 2.42, Mid2024: 1.1489, Mid2025: 1.2698
2026-01-16 12:08:22,070 - INFO - [东阿阿胶] LTM: 2.5409, Formula1-Yield: 5.21%
2026-01-16 12:08:22,070 - INFO - [东阿阿胶] Formula2-ROE/PB: 3.84%
2026-01-16 12:08:22,745 - INFO - [五粮液] Price: 105.43
2026-01-16 12:08:23,467 - INFO - [五粮液] ROE: 15.37%, BPS: 36.710492820207, PB: 2.87
2026-01-16 12:08:33,891 - INFO - [五粮液] Dividends - Annual2024: 8.2062, Mid2024: 0, Mid2025: 0
2026-01-16 12:08:33,892 - INFO - [五粮液] LTM: 8.2062, Formula1-Yield: 7.78%
2026-01-16 12:08:33,892 - INFO - [五粮液] Formula2-ROE/PB: 5.36%
2026-01-16 12:08:34,545 - INFO - [贵州茅台] Price: 1384.87
2026-01-16 12:08:35,196 - INFO - [贵州茅台] ROE: 24.64%, BPS: 205.283142014385, PB: 6.75
2026-01-16 12:08:45,208 - INFO - [贵州茅台] Dividends - Annual2024: 68.64, Mid2024: 0, Mid2025: 0
2026-01-16 12:08:45,208 - INFO - [贵州茅台] LTM: 68.64, Formula1-Yield: 4.96%
2026-01-16 12:08:45,209 - INFO - [贵州茅台] Formula2-ROE/PB: 3.65%
2026-01-16 12:08:45,863 - INFO - [洋河股份] Price: 62.12
2026-01-16 12:08:46,632 - INFO - [洋河股份] ROE: 8.06%, BPS: 32.236885718649, PB: 1.93
2026-01-16 12:08:56,826 - INFO - [洋河股份] Dividends - Annual2024: 4.4299, Mid2024: 0, Mid2025: 0
2026-01-16 12:08:56,826 - INFO - [洋河股份] LTM: 4.4299, Formula1-Yield: 7.13%
2026-01-16 12:08:56,827 - INFO - [洋河股份] Formula2-ROE/PB: 4.18%
2026-01-16 12:08:56,827 - INFO - Execution Time: 47.4 seconds
2026-01-16 12:08:56,827 - INFO - =====================================================================================
2026-01-16 12:08:56,828 - INFO - ROI Summary:
2026-01-16 12:08:56,828 - INFO - Name         Code       Price      ROE      PB       LTM        F1-Yield     F2-ROE/PB 
2026-01-16 12:08:56,829 - INFO - -------------------------------------------------------------------------------------
2026-01-16 12:08:56,829 - INFO - 东阿阿胶         SZ000423   48.80      12.14    3.16     2.5409     5.21%        3.84%     
2026-01-16 12:08:56,829 - INFO - 五粮液          SZ000858   105.43     15.37    2.87     8.2062     7.78%        5.36%     
2026-01-16 12:08:56,830 - INFO - 贵州茅台         SH600519   1384.87    24.64    6.75     68.6400    4.96%        3.65%     
2026-01-16 12:08:56,830 - INFO - 洋河股份         SZ002304   62.12      8.06     1.93     4.4299     7.13%        4.18%     
2026-01-16 12:08:56,831 - INFO - -------------------------------------------------------------------------------------
2026-01-16 12:08:56,832 - INFO - 
Formula 1 (Dividend Yield) Ranking:
2026-01-16 12:08:56,832 - INFO -   1. 五粮液: 7.78%
2026-01-16 12:08:56,833 - INFO -   2. 洋河股份: 7.13%
2026-01-16 12:08:56,838 - INFO -   3. 东阿阿胶: 5.21%
2026-01-16 12:08:56,839 - INFO -   4. 贵州茅台: 4.96%
2026-01-16 12:08:56,839 - INFO - 
Formula 2 (ROE/PB) Ranking:
2026-01-16 12:08:56,839 - INFO -   1. 五粮液: 5.36%
2026-01-16 12:08:56,840 - INFO -   2. 洋河股份: 4.18%
2026-01-16 12:08:56,840 - INFO -   3. 东阿阿胶: 3.84%
2026-01-16 12:08:56,841 - INFO -   4. 贵州茅台: 3.65%
2026-01-16 12:08:56,841 - INFO - =====================================================================================
2026-01-16 12:08:56,841 - INFO - Formulas:
2026-01-16 12:08:56,842 - INFO -   F1 = (Dividend / Price) x 100%
2026-01-16 12:08:56,842 - INFO -   F2 = ROE / PB x 100%
2026-01-16 12:08:56,842 - INFO -   LTM = 2024 Annual - 2024 Mid + 2025 Mid
2026-01-16 12:08:56,843 - INFO - =====================================================================================
2026-01-16 12:08:58,500 - INFO - Output files saved to: data/output
2026-01-16 12:08:58,500 - INFO - ROI Calculator (Fast Version) Completed
2026-01-16 12:08:58,506 - INFO - ============================================================
2026-01-16 13:12:52,914 - INFO - ============================================================
2026-01-16 13:12:52,915 - INFO - ROI Calculator (Fast Version) Started
2026-01-16 13:12:52,915 - INFO - Date: 2026-01-16 13:12:52
2026-01-16 13:12:52,915 - INFO - Stocks: 4
2026-01-16 13:12:52,915 - INFO - Data Source: Tencent (price) + akshare (finance + dividend)
2026-01-16 13:12:52,915 - INFO - ============================================================
2026-01-16 13:12:53,691 - INFO - [东阿阿胶] Price: 48.83
2026-01-16 13:13:00,339 - INFO - [东阿阿胶] ROE: 12.14%, BPS: 15.447619818505, PB: 3.16
2026-01-16 13:13:12,501 - INFO - [东阿阿胶] Dividends - Annual2024: 2.42, Mid2024: 1.1489, Mid2025: 1.2698
2026-01-16 13:13:12,502 - INFO - [东阿阿胶] Dividend-Yield(from akshare): 12.70%
2026-01-16 13:13:12,502 - INFO - [东阿阿胶] Formula2-ROE/PB: 3.84%
2026-01-16 13:13:13,214 - INFO - [五粮液] Price: 105.32
2026-01-16 13:13:13,968 - INFO - [五粮液] ROE: 15.37%, BPS: 36.710492820207, PB: 2.87
2026-01-16 13:13:25,708 - INFO - [五粮液] Dividends - Annual2024: 8.2062, Mid2024: 0, Mid2025: 0
2026-01-16 13:13:25,708 - INFO - [五粮液] Dividend-Yield(from akshare): 7.79%
2026-01-16 13:13:25,708 - INFO - [五粮液] Formula2-ROE/PB: 5.36%
2026-01-16 13:13:26,419 - INFO - [贵州茅台] Price: 1383.0
2026-01-16 13:13:27,132 - INFO - [贵州茅台] ROE: 24.64%, BPS: 205.283142014385, PB: 6.74
2026-01-16 13:13:38,798 - INFO - [贵州茅台] Dividends - Annual2024: 68.64, Mid2024: 0, Mid2025: 0
2026-01-16 13:13:38,798 - INFO - [贵州茅台] Dividend-Yield(from akshare): 4.96%
2026-01-16 13:13:38,798 - INFO - [贵州茅台] Formula2-ROE/PB: 3.66%
2026-01-16 13:13:39,453 - INFO - [洋河股份] Price: 62.05
2026-01-16 13:13:40,354 - INFO - [洋河股份] ROE: 8.06%, BPS: 32.236885718649, PB: 1.92
2026-01-16 13:13:52,922 - INFO - [洋河股份] Dividends - Annual2024: 4.4299, Mid2024: 0, Mid2025: 0
2026-01-16 13:13:52,922 - INFO - [洋河股份] Dividend-Yield(from akshare): 7.14%
2026-01-16 13:13:52,922 - INFO - [洋河股份] Formula2-ROE/PB: 4.20%
2026-01-16 13:13:52,922 - INFO - Execution Time: 60.0 seconds
2026-01-16 13:13:52,922 - INFO - =====================================================================================
2026-01-16 13:13:52,923 - INFO - ROI Summary:
2026-01-16 13:13:52,923 - INFO - Name         Code       Price      ROE      PB       LTM        F1-Yield     F2-ROE/PB 
2026-01-16 13:13:52,923 - INFO - -------------------------------------------------------------------------------------
2026-01-16 13:13:52,923 - INFO - 东阿阿胶         SZ000423   48.83      12.14    3.16     2.5409     12.70%       3.84%     
2026-01-16 13:13:52,923 - INFO - 五粮液          SZ000858   105.32     15.37    2.87     8.2062     7.79%        5.36%     
2026-01-16 13:13:52,923 - INFO - 贵州茅台         SH600519   1383.00    24.64    6.74     68.6400    4.96%        3.66%     
2026-01-16 13:13:52,923 - INFO - 洋河股份         SZ002304   62.05      8.06     1.92     4.4299     7.14%        4.20%     
2026-01-16 13:13:52,923 - INFO - -------------------------------------------------------------------------------------
2026-01-16 13:13:52,923 - INFO - 
Formula 1 (Dividend Yield) Ranking:
2026-01-16 13:13:52,923 - INFO -   1. 东阿阿胶: 12.70%
2026-01-16 13:13:52,923 - INFO -   2. 五粮液: 7.79%
2026-01-16 13:13:52,923 - INFO -   3. 洋河股份: 7.14%
2026-01-16 13:13:52,923 - INFO -   4. 贵州茅台: 4.96%
2026-01-16 13:13:52,923 - INFO - 
Formula 2 (ROE/PB) Ranking:
2026-01-16 13:13:52,923 - INFO -   1. 五粮液: 5.36%
2026-01-16 13:13:52,923 - INFO -   2. 洋河股份: 4.20%
2026-01-16 13:13:52,923 - INFO -   3. 东阿阿胶: 3.84%
2026-01-16 13:13:52,923 - INFO -   4. 贵州茅台: 3.66%
2026-01-16 13:13:52,923 - INFO - =====================================================================================
2026-01-16 13:13:52,923 - INFO - Formulas:
2026-01-16 13:13:52,924 - INFO -   F1 = (Dividend / Price) x 100%
2026-01-16 13:13:52,924 - INFO -   F2 = ROE / PB x 100%
2026-01-16 13:13:52,924 - INFO -   LTM = 2024 Annual - 2024 Mid + 2025 Mid
2026-01-16 13:13:52,924 - INFO - =====================================================================================
2026-01-16 13:13:54,790 - INFO - Output files saved to: data/output
2026-01-16 13:13:54,790 - INFO - ROI Calculator (Fast Version) Completed
2026-01-16 13:13:54,790 - INFO - ============================================================
2026-01-16 13:19:04,854 - INFO - ============================================================
2026-01-16 13:19:04,855 - INFO - ROI Calculator (Fast Version) Started
2026-01-16 13:19:04,855 - INFO - Date: 2026-01-16 13:19:04
2026-01-16 13:19:04,855 - INFO - Stocks: 4
2026-01-16 13:19:04,855 - INFO - Data Source: Tencent (price) + akshare (finance + dividend)
2026-01-16 13:19:04,855 - INFO - ============================================================
2026-01-16 13:19:05,788 - INFO - [东阿阿胶] Price: 48.92
2026-01-16 13:19:09,756 - INFO - [东阿阿胶] ROE: 0%, BPS: 0, PB: 0
2026-01-16 13:19:09,762 - INFO - [东阿阿胶] Dividends - Annual2024: 0, Mid2024: 0, Mid2025: 0
2026-01-16 13:19:09,762 - INFO - [东阿阿胶] Dividend-Yield(from akshare): 0.00%
2026-01-16 13:19:09,763 - INFO - [东阿阿胶] Formula2-ROE/PB: 0.00%
2026-01-16 13:19:10,540 - INFO - [五粮液] Price: 105.28
2026-01-16 13:19:10,709 - INFO - [五粮液] ROE: 0%, BPS: 0, PB: 0
2026-01-16 13:19:10,716 - INFO - [五粮液] Dividends - Annual2024: 0, Mid2024: 0, Mid2025: 0
2026-01-16 13:19:10,716 - INFO - [五粮液] Dividend-Yield(from akshare): 0.00%
2026-01-16 13:19:10,716 - INFO - [五粮液] Formula2-ROE/PB: 0.00%
2026-01-16 13:19:11,736 - INFO - [贵州茅台] Price: 1384.39
2026-01-16 13:19:11,743 - INFO - [贵州茅台] ROE: 0%, BPS: 0, PB: 0
2026-01-16 13:19:11,748 - INFO - [贵州茅台] Dividends - Annual2024: 0, Mid2024: 0, Mid2025: 0
2026-01-16 13:19:11,748 - INFO - [贵州茅台] Dividend-Yield(from akshare): 0.00%
2026-01-16 13:19:11,748 - INFO - [贵州茅台] Formula2-ROE/PB: 0.00%
2026-01-16 13:19:12,593 - INFO - [洋河股份] Price: 62.02
2026-01-16 13:19:12,598 - INFO - [洋河股份] ROE: 0%, BPS: 0, PB: 0
2026-01-16 13:19:12,602 - INFO - [洋河股份] Dividends - Annual2024: 0, Mid2024: 0, Mid2025: 0
2026-01-16 13:19:12,602 - INFO - [洋河股份] Dividend-Yield(from akshare): 0.00%
2026-01-16 13:19:12,602 - INFO - [洋河股份] Formula2-ROE/PB: 0.00%
2026-01-16 13:19:12,602 - INFO - Execution Time: 7.7 seconds
2026-01-16 13:19:12,602 - INFO - =====================================================================================
2026-01-16 13:19:12,602 - INFO - ROI Summary:
2026-01-16 13:19:12,602 - INFO - Name         Code       Price      ROE      PB       LTM        F1-Yield     F2-ROE/PB 
2026-01-16 13:19:12,602 - INFO - -------------------------------------------------------------------------------------
2026-01-16 13:19:12,602 - INFO - 东阿阿胶         SZ000423   48.92      N/A      N/A      N/A        N/A          N/A       
2026-01-16 13:19:12,602 - INFO - 五粮液          SZ000858   105.28     N/A      N/A      N/A        N/A          N/A       
2026-01-16 13:19:12,602 - INFO - 贵州茅台         SH600519   1384.39    N/A      N/A      N/A        N/A          N/A       
2026-01-16 13:19:12,603 - INFO - 洋河股份         SZ002304   62.02      N/A      N/A      N/A        N/A          N/A       
2026-01-16 13:19:12,603 - INFO - -------------------------------------------------------------------------------------
2026-01-16 13:19:12,603 - INFO - 
Formula 1 (Dividend Yield) Ranking:
2026-01-16 13:19:12,603 - INFO - 
Formula 2 (ROE/PB) Ranking:
2026-01-16 13:19:12,603 - INFO - =====================================================================================
2026-01-16 13:19:12,603 - INFO - Formulas:
2026-01-16 13:19:12,603 - INFO -   F1 = (Dividend / Price) x 100%
2026-01-16 13:19:12,603 - INFO -   F2 = ROE / PB x 100%
2026-01-16 13:19:12,603 - INFO -   LTM = 2024 Annual - 2024 Mid + 2025 Mid
2026-01-16 13:19:12,603 - INFO - =====================================================================================
2026-01-16 13:19:13,101 - INFO - Output files saved to: data/output
2026-01-16 13:19:13,101 - INFO - ROI Calculator (Fast Version) Completed
2026-01-16 13:19:13,102 - INFO - ============================================================
2026-01-16 13:37:11,730 - INFO - ============================================================
2026-01-16 13:37:11,731 - INFO - ROI Calculator (Fast Version) Started
2026-01-16 13:37:11,731 - INFO - Date: 2026-01-16 13:37:11
2026-01-16 13:37:11,731 - INFO - Stocks: 4
2026-01-16 13:37:11,731 - INFO - Data Source: Tencent (price) + akshare (finance + dividend)
2026-01-16 13:37:11,731 - INFO - ============================================================
2026-01-16 13:37:12,778 - INFO - [东阿阿胶] Price: 48.98
2026-01-16 13:37:15,891 - INFO - [东阿阿胶] ROE: 12.14%, BPS: 15.447619818505, PB: 3.17
2026-01-16 13:37:30,333 - INFO - [东阿阿胶] Dividends - Annual2024: 2.42, Mid2024: 1.1489, Mid2025: 1.2698
2026-01-16 13:37:30,334 - INFO - [东阿阿胶] Dividend-Yield(from akshare): 1270.09%
2026-01-16 13:37:30,334 - INFO - [东阿阿胶] Formula2-ROE/PB: 3.83%
2026-01-16 13:37:31,248 - INFO - [五粮液] Price: 105.38
2026-01-16 13:37:32,125 - INFO - [五粮液] ROE: 15.37%, BPS: 36.710492820207, PB: 2.87
2026-01-16 13:37:44,706 - INFO - [五粮液] Dividends - Annual2024: 8.2062, Mid2024: 0, Mid2025: 0
2026-01-16 13:37:44,706 - INFO - [五粮液] Dividend-Yield(from akshare): 7.79%
2026-01-16 13:37:44,706 - INFO - [五粮液] Formula2-ROE/PB: 5.36%
2026-01-16 13:37:45,486 - INFO - [贵州茅台] Price: 1385.77
2026-01-16 13:37:46,252 - INFO - [贵州茅台] ROE: 24.64%, BPS: 205.283142014385, PB: 6.75
2026-01-16 13:37:58,662 - INFO - [贵州茅台] Dividends - Annual2024: 68.64, Mid2024: 0, Mid2025: 0
2026-01-16 13:37:58,662 - INFO - [贵州茅台] Dividend-Yield(from akshare): 4.95%
2026-01-16 13:37:58,662 - INFO - [贵州茅台] Formula2-ROE/PB: 3.65%
2026-01-16 13:37:59,316 - INFO - [洋河股份] Price: 62.13
2026-01-16 13:38:00,020 - INFO - [洋河股份] ROE: 8.06%, BPS: 32.236885718649, PB: 1.93
2026-01-16 13:38:12,963 - INFO - [洋河股份] Dividends - Annual2024: 4.4299, Mid2024: 0, Mid2025: 0
2026-01-16 13:38:12,963 - INFO - [洋河股份] Dividend-Yield(from akshare): 7.13%
2026-01-16 13:38:12,963 - INFO - [洋河股份] Formula2-ROE/PB: 4.18%
2026-01-16 13:38:12,963 - INFO - Execution Time: 61.2 seconds
2026-01-16 13:38:12,963 - INFO - =====================================================================================
2026-01-16 13:38:12,964 - INFO - ROI Summary:
2026-01-16 13:38:12,964 - INFO - Name         Code       Price      ROE      PB       LTM        F1-Yield     F2-ROE/PB 
2026-01-16 13:38:12,964 - INFO - -------------------------------------------------------------------------------------
2026-01-16 13:38:12,964 - INFO - 东阿阿胶         SZ000423   48.98      12.14    3.17     2.5409     1270.09%     3.83%     
2026-01-16 13:38:12,964 - INFO - 五粮液          SZ000858   105.38     15.37    2.87     8.2062     7.79%        5.36%     
2026-01-16 13:38:12,964 - INFO - 贵州茅台         SH600519   1385.77    24.64    6.75     68.6400    4.95%        3.65%     
2026-01-16 13:38:12,964 - INFO - 洋河股份         SZ002304   62.13      8.06     1.93     4.4299     7.13%        4.18%     
2026-01-16 13:38:12,964 - INFO - -------------------------------------------------------------------------------------
2026-01-16 13:38:12,964 - INFO - 
Formula 1 (Dividend Yield) Ranking:
2026-01-16 13:38:12,964 - INFO -   1. 东阿阿胶: 1270.09%
2026-01-16 13:38:12,964 - INFO -   2. 五粮液: 7.79%
2026-01-16 13:38:12,964 - INFO -   3. 洋河股份: 7.13%
2026-01-16 13:38:12,964 - INFO -   4. 贵州茅台: 4.95%
2026-01-16 13:38:12,964 - INFO - 
Formula 2 (ROE/PB) Ranking:
2026-01-16 13:38:12,964 - INFO -   1. 五粮液: 5.36%
2026-01-16 13:38:12,964 - INFO -   2. 洋河股份: 4.18%
2026-01-16 13:38:12,964 - INFO -   3. 东阿阿胶: 3.83%
2026-01-16 13:38:12,964 - INFO -   4. 贵州茅台: 3.65%
2026-01-16 13:38:12,964 - INFO - =====================================================================================
2026-01-16 13:38:12,965 - INFO - Formulas:
2026-01-16 13:38:12,965 - INFO -   F1 = (Dividend / Price) x 100%
2026-01-16 13:38:12,965 - INFO -   F2 = ROE / PB x 100%
2026-01-16 13:38:12,965 - INFO -   LTM = 2024 Annual - 2024 Mid + 2025 Mid
2026-01-16 13:38:12,965 - INFO - =====================================================================================
2026-01-16 13:38:15,339 - INFO - Output files saved to: data/output
2026-01-16 13:38:15,339 - INFO - ROI Calculator (Fast Version) Completed
2026-01-16 13:38:15,339 - INFO - ============================================================
2026-01-16 13:39:23,313 - INFO - ============================================================
2026-01-16 13:39:23,314 - INFO - ROI Calculator (Fast Version) Started
2026-01-16 13:39:23,314 - INFO - Date: 2026-01-16 13:39:23
2026-01-16 13:39:23,314 - INFO - Stocks: 4
2026-01-16 13:39:23,314 - INFO - Data Source: Tencent (price) + akshare (finance + dividend)
2026-01-16 13:39:23,314 - INFO - ============================================================
2026-01-16 13:39:24,085 - INFO - [东阿阿胶] Price: 49.02
2026-01-16 13:39:25,992 - INFO - [东阿阿胶] ROE: 12.14%, BPS: 15.447619818505, PB: 3.17
2026-01-16 13:39:37,683 - INFO - [东阿阿胶] Dividends - Annual2024: 2.42, Mid2024: 1.1489, Mid2025: 1.2698
2026-01-16 13:39:37,683 - INFO - [东阿阿胶] Dividend-Yield(from akshare): 12.70%
2026-01-16 13:39:37,683 - INFO - [东阿阿胶] Formula2-ROE/PB: 3.83%
2026-01-16 13:39:38,335 - INFO - [五粮液] Price: 105.41
2026-01-16 13:39:39,014 - INFO - [五粮液] ROE: 15.37%, BPS: 36.710492820207, PB: 2.87
2026-01-16 13:39:50,218 - INFO - [五粮液] Dividends - Annual2024: 8.2062, Mid2024: 0, Mid2025: 0
2026-01-16 13:39:50,218 - INFO - [五粮液] Dividend-Yield(from akshare): 7.79%
2026-01-16 13:39:50,218 - INFO - [五粮液] Formula2-ROE/PB: 5.36%
2026-01-16 13:39:50,935 - INFO - [贵州茅台] Price: 1387.76
2026-01-16 13:39:51,720 - INFO - [贵州茅台] ROE: 24.64%, BPS: 205.283142014385, PB: 6.76
2026-01-16 13:40:02,582 - INFO - [贵州茅台] Dividends - Annual2024: 68.64, Mid2024: 0, Mid2025: 0
2026-01-16 13:40:02,582 - INFO - [贵州茅台] Dividend-Yield(from akshare): 4.95%
2026-01-16 13:40:02,582 - INFO - [贵州茅台] Formula2-ROE/PB: 3.64%
2026-01-16 13:40:03,233 - INFO - [洋河股份] Price: 62.15
2026-01-16 13:40:04,017 - INFO - [洋河股份] ROE: 8.06%, BPS: 32.236885718649, PB: 1.93
2026-01-16 13:40:15,039 - INFO - [洋河股份] Dividends - Annual2024: 4.4299, Mid2024: 0, Mid2025: 0
2026-01-16 13:40:15,039 - INFO - [洋河股份] Dividend-Yield(from akshare): 7.13%
2026-01-16 13:40:15,039 - INFO - [洋河股份] Formula2-ROE/PB: 4.18%
2026-01-16 13:40:15,039 - INFO - Execution Time: 51.7 seconds
2026-01-16 13:40:15,039 - INFO - =====================================================================================
2026-01-16 13:40:15,039 - INFO - ROI Summary:
2026-01-16 13:40:15,039 - INFO - Name         Code       Price      ROE      PB       LTM        F1-Yield     F2-ROE/PB 
2026-01-16 13:40:15,039 - INFO - -------------------------------------------------------------------------------------
2026-01-16 13:40:15,039 - INFO - 东阿阿胶         SZ000423   49.02      12.14    3.17     2.5409     12.70%       3.83%     
2026-01-16 13:40:15,039 - INFO - 五粮液          SZ000858   105.41     15.37    2.87     8.2062     7.79%        5.36%     
2026-01-16 13:40:15,040 - INFO - 贵州茅台         SH600519   1387.76    24.64    6.76     68.6400    4.95%        3.64%     
2026-01-16 13:40:15,040 - INFO - 洋河股份         SZ002304   62.15      8.06     1.93     4.4299     7.13%        4.18%     
2026-01-16 13:40:15,040 - INFO - -------------------------------------------------------------------------------------
2026-01-16 13:40:15,040 - INFO - 
Formula 1 (Dividend Yield) Ranking:
2026-01-16 13:40:15,040 - INFO -   1. 东阿阿胶: 12.70%
2026-01-16 13:40:15,040 - INFO -   2. 五粮液: 7.79%
2026-01-16 13:40:15,040 - INFO -   3. 洋河股份: 7.13%
2026-01-16 13:40:15,040 - INFO -   4. 贵州茅台: 4.95%
2026-01-16 13:40:15,040 - INFO - 
Formula 2 (ROE/PB) Ranking:
2026-01-16 13:40:15,040 - INFO -   1. 五粮液: 5.36%
2026-01-16 13:40:15,040 - INFO -   2. 洋河股份: 4.18%
2026-01-16 13:40:15,040 - INFO -   3. 东阿阿胶: 3.83%
2026-01-16 13:40:15,040 - INFO -   4. 贵州茅台: 3.64%
2026-01-16 13:40:15,040 - INFO - =====================================================================================
2026-01-16 13:40:15,040 - INFO - Formulas:
2026-01-16 13:40:15,040 - INFO -   F1 = (Dividend / Price) x 100%
2026-01-16 13:40:15,040 - INFO -   F2 = ROE / PB x 100%
2026-01-16 13:40:15,040 - INFO -   LTM = 2024 Annual - 2024 Mid + 2025 Mid
2026-01-16 13:40:15,040 - INFO - =====================================================================================
2026-01-16 13:40:16,782 - INFO - Output files saved to: data/output
2026-01-16 13:40:16,782 - INFO - ROI Calculator (Fast Version) Completed
2026-01-16 13:40:16,782 - INFO - ============================================================
2026-01-16 13:43:13,970 - INFO - ============================================================
2026-01-16 13:43:13,970 - INFO - ROI Calculator (Fast Version) Started
2026-01-16 13:43:13,970 - INFO - Date: 2026-01-16 13:43:13
2026-01-16 13:43:13,970 - INFO - Stocks: 4
2026-01-16 13:43:13,970 - INFO - Data Source: Tencent (price) + akshare (finance + dividend)
2026-01-16 13:43:13,970 - INFO - ============================================================
2026-01-16 13:43:14,620 - INFO - [东阿阿胶] Price: 49.01
2026-01-16 13:43:16,176 - INFO - [东阿阿胶] ROE: 12.14%, BPS: 15.447619818505, PB: 3.17
2026-01-16 13:43:26,488 - INFO - [东阿阿胶] Dividends - Annual2024: 2.42, Mid2024: 1.1489, Mid2025: 1.2698
2026-01-16 13:43:26,488 - INFO - [东阿阿胶] Dividend-Yield(from akshare): 5.18%
2026-01-16 13:43:26,488 - INFO - [东阿阿胶] Formula2-ROE/PB: 3.83%
2026-01-16 13:43:27,106 - INFO - [五粮液] Price: 105.43
2026-01-16 13:43:27,701 - INFO - [五粮液] ROE: 15.37%, BPS: 36.710492820207, PB: 2.87
2026-01-16 13:43:37,616 - INFO - [五粮液] Dividends - Annual2024: 8.2062, Mid2024: 0, Mid2025: 0
2026-01-16 13:43:37,616 - INFO - [五粮液] Dividend-Yield(from akshare): 7.78%
2026-01-16 13:43:37,616 - INFO - [五粮液] Formula2-ROE/PB: 5.36%
2026-01-16 13:43:38,277 - INFO - [贵州茅台] Price: 1387.98
2026-01-16 13:43:38,917 - INFO - [贵州茅台] ROE: 24.64%, BPS: 205.283142014385, PB: 6.76
2026-01-16 13:43:48,965 - INFO - [贵州茅台] Dividends - Annual2024: 68.64, Mid2024: 0, Mid2025: 0
2026-01-16 13:43:48,965 - INFO - [贵州茅台] Dividend-Yield(from akshare): 4.95%
2026-01-16 13:43:48,965 - INFO - [贵州茅台] Formula2-ROE/PB: 3.64%
2026-01-16 13:43:49,574 - INFO - [洋河股份] Price: 62.11
2026-01-16 13:43:50,235 - INFO - [洋河股份] ROE: 8.06%, BPS: 32.236885718649, PB: 1.93
2026-01-16 13:44:00,033 - INFO - [洋河股份] Dividends - Annual2024: 4.4299, Mid2024: 0, Mid2025: 0
2026-01-16 13:44:00,034 - INFO - [洋河股份] Dividend-Yield(from akshare): 7.13%
2026-01-16 13:44:00,034 - INFO - [洋河股份] Formula2-ROE/PB: 4.18%
2026-01-16 13:44:00,034 - INFO - Execution Time: 46.1 seconds
2026-01-16 13:44:00,034 - INFO - =====================================================================================
2026-01-16 13:44:00,034 - INFO - ROI Summary:
2026-01-16 13:44:00,034 - INFO - Name         Code       Price      ROE      PB       LTM        F1-Yield     F2-ROE/PB 
2026-01-16 13:44:00,034 - INFO - -------------------------------------------------------------------------------------
2026-01-16 13:44:00,034 - INFO - 东阿阿胶         SZ000423   49.01      12.14    3.17     2.5409     5.18%        3.83%     
2026-01-16 13:44:00,034 - INFO - 五粮液          SZ000858   105.43     15.37    2.87     8.2062     7.78%        5.36%     
2026-01-16 13:44:00,034 - INFO - 贵州茅台         SH600519   1387.98    24.64    6.76     68.6400    4.95%        3.64%     
2026-01-16 13:44:00,034 - INFO - 洋河股份         SZ002304   62.11      8.06     1.93     4.4299     7.13%        4.18%     
2026-01-16 13:44:00,034 - INFO - -------------------------------------------------------------------------------------
2026-01-16 13:44:00,034 - INFO - 
Formula 1 (Dividend Yield) Ranking:
2026-01-16 13:44:00,034 - INFO -   1. 五粮液: 7.78%
2026-01-16 13:44:00,034 - INFO -   2. 洋河股份: 7.13%
2026-01-16 13:44:00,034 - INFO -   3. 东阿阿胶: 5.18%
2026-01-16 13:44:00,034 - INFO -   4. 贵州茅台: 4.95%
2026-01-16 13:44:00,034 - INFO - 
Formula 2 (ROE/PB) Ranking:
2026-01-16 13:44:00,034 - INFO -   1. 五粮液: 5.36%
2026-01-16 13:44:00,035 - INFO -   2. 洋河股份: 4.18%
2026-01-16 13:44:00,035 - INFO -   3. 东阿阿胶: 3.83%
2026-01-16 13:44:00,035 - INFO -   4. 贵州茅台: 3.64%
2026-01-16 13:44:00,035 - INFO - =====================================================================================
2026-01-16 13:44:00,035 - INFO - Formulas:
2026-01-16 13:44:00,035 - INFO -   F1 = (Dividend / Price) x 100%
2026-01-16 13:44:00,035 - INFO -   F2 = ROE / PB x 100%
2026-01-16 13:44:00,035 - INFO -   LTM = 2024 Annual - 2024 Mid + 2025 Mid
2026-01-16 13:44:00,035 - INFO - =====================================================================================
2026-01-16 13:44:01,559 - INFO - Output files saved to: data/output
2026-01-16 13:44:01,559 - INFO - ROI Calculator (Fast Version) Completed
2026-01-16 13:44:01,559 - INFO - ============================================================
2026-01-16 13:51:07,219 - INFO - ============================================================
2026-01-16 13:51:07,220 - INFO - ROI Calculator (Fast Version) Started
2026-01-16 13:51:07,220 - INFO - Date: 2026-01-16 13:51:07
2026-01-16 13:51:07,220 - INFO - Stocks: 4
2026-01-16 13:51:07,220 - INFO - Data Source: Tencent (price) + akshare (finance + dividend)
2026-01-16 13:51:07,220 - INFO - ============================================================
2026-01-16 13:51:07,926 - INFO - [东阿阿胶] Price: 48.98
2026-01-16 13:51:09,923 - INFO - [东阿阿胶] ROE: 12.14%, BPS: 15.447619818505, PB: 3.17
2026-01-16 13:51:11,399 - INFO - [东阿阿胶] TTM-Dividend(from Xueqiu): 2.543, Yield: 5.191%
2026-01-16 13:51:11,399 - INFO - [东阿阿胶] Formula2-ROE/PB: 3.83%
2026-01-16 13:51:12,041 - INFO - [五粮液] Price: 105.3
2026-01-16 13:51:12,668 - INFO - [五粮液] ROE: 15.37%, BPS: 36.710492820207, PB: 2.87
2026-01-16 13:51:14,112 - INFO - [五粮液] TTM-Dividend(from Xueqiu): 5.747, Yield: 5.458%
2026-01-16 13:51:14,112 - INFO - [五粮液] Formula2-ROE/PB: 5.36%
2026-01-16 13:51:14,747 - INFO - [贵州茅台] Price: 1384.24
2026-01-16 13:51:15,455 - INFO - [贵州茅台] ROE: 24.64%, BPS: 205.283142014385, PB: 6.74
2026-01-16 13:51:16,815 - INFO - [贵州茅台] TTM-Dividend(from Xueqiu): 51.717, Yield: 3.736%
2026-01-16 13:51:16,815 - INFO - [贵州茅台] Formula2-ROE/PB: 3.66%
2026-01-16 13:51:17,483 - INFO - [洋河股份] Price: 62.0
2026-01-16 13:51:18,148 - INFO - [洋河股份] ROE: 8.06%, BPS: 32.236885718649, PB: 1.92
2026-01-16 13:51:19,696 - INFO - [洋河股份] TTM-Dividend(from Xueqiu): 4.647, Yield: 7.495%
2026-01-16 13:51:19,696 - INFO - [洋河股份] Formula2-ROE/PB: 4.20%
2026-01-16 13:51:19,696 - INFO - Execution Time: 12.5 seconds
2026-01-16 13:51:19,696 - INFO - =====================================================================================
2026-01-16 13:51:19,696 - INFO - ROI Summary:
2026-01-16 13:51:19,696 - INFO - Name         Code       Price      ROE      PB       LTM        F1-Yield     F2-ROE/PB 
2026-01-16 13:51:19,696 - INFO - -------------------------------------------------------------------------------------
2026-01-16 13:51:19,696 - INFO - 东阿阿胶         SZ000423   48.98      12.14    3.17     2.5430     5.19%        3.83%     
2026-01-16 13:51:19,697 - INFO - 五粮液          SZ000858   105.30     15.37    2.87     5.7470     5.46%        5.36%     
2026-01-16 13:51:19,697 - INFO - 贵州茅台         SH600519   1384.24    24.64    6.74     51.7170    3.74%        3.66%     
2026-01-16 13:51:19,697 - INFO - 洋河股份         SZ002304   62.00      8.06     1.92     4.6470     7.50%        4.20%     
2026-01-16 13:51:19,697 - INFO - -------------------------------------------------------------------------------------
2026-01-16 13:51:19,697 - INFO - 
Formula 1 (Dividend Yield) Ranking:
2026-01-16 13:51:19,697 - INFO -   1. 洋河股份: 7.50%
2026-01-16 13:51:19,697 - INFO -   2. 五粮液: 5.46%
2026-01-16 13:51:19,697 - INFO -   3. 东阿阿胶: 5.19%
2026-01-16 13:51:19,697 - INFO -   4. 贵州茅台: 3.74%
2026-01-16 13:51:19,697 - INFO - 
Formula 2 (ROE/PB) Ranking:
2026-01-16 13:51:19,697 - INFO -   1. 五粮液: 5.36%
2026-01-16 13:51:19,697 - INFO -   2. 洋河股份: 4.20%
2026-01-16 13:51:19,697 - INFO -   3. 东阿阿胶: 3.83%
2026-01-16 13:51:19,697 - INFO -   4. 贵州茅台: 3.66%
2026-01-16 13:51:19,697 - INFO - =====================================================================================
2026-01-16 13:51:19,697 - INFO - Formulas:
2026-01-16 13:51:19,697 - INFO -   F1 = (Dividend / Price) x 100%
2026-01-16 13:51:19,697 - INFO -   F2 = ROE / PB x 100%
2026-01-16 13:51:19,697 - INFO -   LTM = 2024 Annual - 2024 Mid + 2025 Mid
2026-01-16 13:51:19,697 - INFO - =====================================================================================
2026-01-16 13:51:21,475 - INFO - Output files saved to: data/output
2026-01-16 13:51:21,475 - INFO - ROI Calculator (Fast Version) Completed
2026-01-16 13:51:21,475 - INFO - ============================================================
2026-01-16 13:58:32,232 - INFO - ============================================================
2026-01-16 13:58:32,232 - INFO - ROI Calculator (Fast Version) Started
2026-01-16 13:58:32,232 - INFO - Date: 2026-01-16 13:58:32
2026-01-16 13:58:32,232 - INFO - Stocks: 4
2026-01-16 13:58:32,232 - INFO - Data Source: Tencent (price) + akshare (finance + dividend)
2026-01-16 13:58:32,232 - INFO - ============================================================
2026-01-16 13:58:32,925 - INFO - [东阿阿胶] Price: 48.99
2026-01-16 13:58:34,632 - INFO - [东阿阿胶] ROE: 12.14%, BPS: 15.447619818505, PB: 3.17
2026-01-16 13:58:36,031 - INFO - [东阿阿胶] TTM-Dividend(from Xueqiu): 2.543, Yield: 5.191%
2026-01-16 13:58:36,032 - INFO - [东阿阿胶] Formula2-ROE/PB: 3.83%
2026-01-16 13:58:36,657 - INFO - [五粮液] Price: 105.18
2026-01-16 13:58:37,296 - INFO - [五粮液] ROE: 15.37%, BPS: 36.710492820207, PB: 2.87
2026-01-16 13:58:38,836 - INFO - [五粮液] TTM-Dividend(from Xueqiu): 5.747, Yield: 5.464%
2026-01-16 13:58:38,837 - INFO - [五粮液] Formula2-ROE/PB: 5.36%
2026-01-16 13:58:39,466 - INFO - [贵州茅台] Price: 1382.4
2026-01-16 13:58:40,139 - INFO - [贵州茅台] ROE: 24.64%, BPS: 205.283142014385, PB: 6.73
2026-01-16 13:58:41,533 - INFO - [贵州茅台] TTM-Dividend(from Xueqiu): 51.717, Yield: 3.739%
2026-01-16 13:58:41,533 - INFO - [贵州茅台] Formula2-ROE/PB: 3.66%
2026-01-16 13:58:42,151 - INFO - [洋河股份] Price: 61.89
2026-01-16 13:58:43,025 - INFO - [洋河股份] ROE: 8.06%, BPS: 32.236885718649, PB: 1.92
2026-01-16 13:58:44,430 - INFO - [洋河股份] TTM-Dividend(from Xueqiu): 4.647, Yield: 7.508%
2026-01-16 13:58:44,430 - INFO - [洋河股份] Formula2-ROE/PB: 4.20%
2026-01-16 13:58:44,430 - INFO - Execution Time: 12.2 seconds
2026-01-16 13:58:44,430 - INFO - =====================================================================================
2026-01-16 13:58:44,430 - INFO - ROI Summary:
2026-01-16 13:58:44,430 - INFO - Name         Code       Price      ROE      PB       LTM        F1-Yield     F2-ROE/PB 
2026-01-16 13:58:44,430 - INFO - -------------------------------------------------------------------------------------
2026-01-16 13:58:44,430 - INFO - 东阿阿胶         SZ000423   48.99      12.14    3.17     2.5430     5.19%        3.83%     
2026-01-16 13:58:44,430 - INFO - 五粮液          SZ000858   105.18     15.37    2.87     5.7470     5.46%        5.36%     
2026-01-16 13:58:44,431 - INFO - 贵州茅台         SH600519   1382.40    24.64    6.73     51.7170    3.74%        3.66%     
2026-01-16 13:58:44,431 - INFO - 洋河股份         SZ002304   61.89      8.06     1.92     4.6470     7.51%        4.20%     
2026-01-16 13:58:44,431 - INFO - -------------------------------------------------------------------------------------
2026-01-16 13:58:44,431 - INFO - 
Formula 1 (Dividend Yield) Ranking:
2026-01-16 13:58:44,431 - INFO -   1. 洋河股份: 7.51%
2026-01-16 13:58:44,431 - INFO -   2. 五粮液: 5.46%
2026-01-16 13:58:44,431 - INFO -   3. 东阿阿胶: 5.19%
2026-01-16 13:58:44,431 - INFO -   4. 贵州茅台: 3.74%
2026-01-16 13:58:44,431 - INFO - 
Formula 2 (ROE/PB) Ranking:
2026-01-16 13:58:44,431 - INFO -   1. 五粮液: 5.36%
2026-01-16 13:58:44,431 - INFO -   2. 洋河股份: 4.20%
2026-01-16 13:58:44,431 - INFO -   3. 东阿阿胶: 3.83%
2026-01-16 13:58:44,431 - INFO -   4. 贵州茅台: 3.66%
2026-01-16 13:58:44,431 - INFO - =====================================================================================
2026-01-16 13:58:44,431 - INFO - Formulas:
2026-01-16 13:58:44,431 - INFO -   F1 = (Dividend / Price) x 100%
2026-01-16 13:58:44,431 - INFO -   F2 = ROE / PB x 100%
2026-01-16 13:58:44,431 - INFO -   LTM = 2024 Annual - 2024 Mid + 2025 Mid
2026-01-16 13:58:44,432 - INFO - =====================================================================================
2026-01-16 13:58:45,892 - INFO - Output files saved to: data/output
2026-01-16 13:58:45,892 - INFO - ROI Calculator (Fast Version) Completed
2026-01-16 13:58:45,892 - INFO - ============================================================
2026-01-16 14:08:56,098 - INFO - ============================================================
2026-01-16 14:08:56,098 - INFO - ROI Calculator (Fast Version) Started
2026-01-16 14:08:56,099 - INFO - Date: 2026-01-16 14:08:56
2026-01-16 14:08:56,099 - INFO - Stocks: 4
2026-01-16 14:08:56,099 - INFO - Data Source: Tencent (price) + akshare (finance + dividend)
2026-01-16 14:08:56,099 - INFO - ============================================================
2026-01-16 14:08:56,763 - INFO - [东阿阿胶] Price: 49.04
2026-01-16 14:08:58,679 - INFO - [东阿阿胶] ROE: 12.14%, BPS: 15.447619818505, PB: 3.17
2026-01-16 14:09:00,125 - INFO - [东阿阿胶] TTM-Dividend(from Xueqiu): 2.543, Yield: 5.186%
2026-01-16 14:09:00,125 - INFO - [东阿阿胶] Formula2-ROE/PB: 3.83%
2026-01-16 14:09:00,761 - INFO - [五粮液] Price: 105.1
2026-01-16 14:09:01,404 - INFO - [五粮液] ROE: 15.37%, BPS: 36.710492820207, PB: 2.86
2026-01-16 14:09:02,759 - INFO - [五粮液] TTM-Dividend(from Xueqiu): 5.747, Yield: 5.468%
2026-01-16 14:09:02,759 - INFO - [五粮液] Formula2-ROE/PB: 5.37%
2026-01-16 14:09:03,372 - INFO - [贵州茅台] Price: 1382.57
2026-01-16 14:09:03,969 - INFO - [贵州茅台] ROE: 24.64%, BPS: 205.283142014385, PB: 6.73
2026-01-16 14:09:05,410 - INFO - [贵州茅台] TTM-Dividend(from Xueqiu): 51.717, Yield: 3.742%
2026-01-16 14:09:05,410 - INFO - [贵州茅台] Formula2-ROE/PB: 3.66%
2026-01-16 14:09:06,025 - INFO - [洋河股份] Price: 61.87
2026-01-16 14:09:06,692 - INFO - [洋河股份] ROE: 8.06%, BPS: 32.236885718649, PB: 1.92
2026-01-16 14:09:08,024 - INFO - [洋河股份] TTM-Dividend(from Xueqiu): 4.647, Yield: 7.511%
2026-01-16 14:09:08,024 - INFO - [洋河股份] Formula2-ROE/PB: 4.20%
2026-01-16 14:09:08,027 - INFO - Execution Time: 11.9 seconds
2026-01-16 14:09:08,027 - INFO - =====================================================================================
2026-01-16 14:09:08,028 - INFO - ROI Summary:
2026-01-16 14:09:08,028 - INFO - Name         Code       Price      ROE      PB       LTM        F1-Yield     F2-ROE/PB 
2026-01-16 14:09:08,029 - INFO - -------------------------------------------------------------------------------------
2026-01-16 14:09:08,029 - INFO - 东阿阿胶         SZ000423   49.04      12.14    3.17     2.5430     5.19%        3.83%     
2026-01-16 14:09:08,029 - INFO - 五粮液          SZ000858   105.10     15.37    2.86     5.7470     5.47%        5.37%     
2026-01-16 14:09:08,030 - INFO - 贵州茅台         SH600519   1382.57    24.64    6.73     51.7170    3.74%        3.66%     
2026-01-16 14:09:08,030 - INFO - 洋河股份         SZ002304   61.87      8.06     1.92     4.6470     7.51%        4.20%     
2026-01-16 14:09:08,030 - INFO - -------------------------------------------------------------------------------------
2026-01-16 14:09:08,031 - INFO - 
Formula 1 (Dividend Yield) Ranking:
2026-01-16 14:09:08,031 - INFO -   1. 洋河股份: 7.51%
2026-01-16 14:09:08,031 - INFO -   2. 五粮液: 5.47%
2026-01-16 14:09:08,032 - INFO -   3. 东阿阿胶: 5.19%
2026-01-16 14:09:08,032 - INFO -   4. 贵州茅台: 3.74%
2026-01-16 14:09:08,032 - INFO - 
Formula 2 (ROE/PB) Ranking:
2026-01-16 14:09:08,033 - INFO -   1. 五粮液: 5.37%
2026-01-16 14:09:08,033 - INFO -   2. 洋河股份: 4.20%
2026-01-16 14:09:08,033 - INFO -   3. 东阿阿胶: 3.83%
2026-01-16 14:09:08,034 - INFO -   4. 贵州茅台: 3.66%
2026-01-16 14:09:08,035 - INFO - =====================================================================================
2026-01-16 14:09:08,035 - INFO - Formulas:
2026-01-16 14:09:08,037 - INFO -   F1 = (Dividend / Price) x 100%
2026-01-16 14:09:08,038 - INFO -   F2 = ROE / PB x 100%
2026-01-16 14:09:08,038 - INFO -   LTM = 2024 Annual - 2024 Mid + 2025 Mid
2026-01-16 14:09:08,038 - INFO - =====================================================================================
2026-01-16 14:09:09,467 - INFO - Output files saved to: data/output
2026-01-16 14:09:09,467 - INFO - ROI Calculator (Fast Version) Completed
2026-01-16 14:09:09,469 - INFO - ============================================================
2026-01-16 14:13:32,119 - INFO - ============================================================
2026-01-16 14:13:32,120 - INFO - ROI Calculator (Fast Version) Started
2026-01-16 14:13:32,120 - INFO - Date: 2026-01-16 14:13:32
2026-01-16 14:13:32,120 - INFO - Stocks: 4
2026-01-16 14:13:32,120 - INFO - Data Source: Tencent (price) + akshare (finance + dividend)
2026-01-16 14:13:32,120 - INFO - ============================================================
2026-01-16 14:13:32,834 - INFO - [东阿阿胶] Price: 48.99
2026-01-16 14:13:34,708 - INFO - [东阿阿胶] ROE: 12.14%, BPS: 15.447619818505, PB: 3.17
2026-01-16 14:13:36,146 - INFO - [东阿阿胶] TTM-Dividend(from Xueqiu): 2.543, Yield: 5.191%
2026-01-16 14:13:36,146 - INFO - [东阿阿胶] Formula2-ROE/PB: 3.83%
2026-01-16 14:13:37,128 - INFO - [五粮液] Price: 105.12
2026-01-16 14:13:37,741 - INFO - [五粮液] ROE: 15.37%, BPS: 36.710492820207, PB: 2.86
2026-01-16 14:13:39,851 - INFO - [五粮液] TTM-Dividend(from Xueqiu): 5.747, Yield: 5.467%
2026-01-16 14:13:39,852 - INFO - [五粮液] Formula2-ROE/PB: 5.37%
2026-01-16 14:13:40,476 - INFO - [贵州茅台] Price: 1381.96
2026-01-16 14:13:41,130 - INFO - [贵州茅台] ROE: 24.64%, BPS: 205.283142014385, PB: 6.73
2026-01-16 14:13:42,492 - INFO - [贵州茅台] TTM-Dividend(from Xueqiu): 51.717, Yield: 3.742%
2026-01-16 14:13:42,492 - INFO - [贵州茅台] Formula2-ROE/PB: 3.66%
2026-01-16 14:13:43,115 - INFO - [洋河股份] Price: 61.91
2026-01-16 14:13:43,731 - INFO - [洋河股份] ROE: 8.06%, BPS: 32.236885718649, PB: 1.92
2026-01-16 14:13:45,182 - INFO - [洋河股份] TTM-Dividend(from Xueqiu): 4.647, Yield: 7.506%
2026-01-16 14:13:45,182 - INFO - [洋河股份] Formula2-ROE/PB: 4.20%
2026-01-16 14:13:45,184 - INFO - Execution Time: 13.1 seconds
2026-01-16 14:13:45,186 - INFO - =====================================================================================
2026-01-16 14:13:45,186 - INFO - ROI Summary:
2026-01-16 14:13:45,187 - INFO - Name         Code       Price      ROE      PB       LTM        F1-Yield     F2-ROE/PB 
2026-01-16 14:13:45,187 - INFO - -------------------------------------------------------------------------------------
2026-01-16 14:13:45,188 - INFO - 东阿阿胶         SZ000423   48.99      12.14    3.17     2.5430     5.19%        3.83%     
2026-01-16 14:13:45,188 - INFO - 五粮液          SZ000858   105.12     15.37    2.86     5.7470     5.47%        5.37%     
2026-01-16 14:13:45,189 - INFO - 贵州茅台         SH600519   1381.96    24.64    6.73     51.7170    3.74%        3.66%     
2026-01-16 14:13:45,189 - INFO - 洋河股份         SZ002304   61.91      8.06     1.92     4.6470     7.51%        4.20%     
2026-01-16 14:13:45,190 - INFO - -------------------------------------------------------------------------------------
2026-01-16 14:13:45,190 - INFO - 
Formula 1 (Dividend Yield) Ranking:
2026-01-16 14:13:45,190 - INFO -   1. 洋河股份: 7.51%
2026-01-16 14:13:45,191 - INFO -   2. 五粮液: 5.47%
2026-01-16 14:13:45,191 - INFO -   3. 东阿阿胶: 5.19%
2026-01-16 14:13:45,191 - INFO -   4. 贵州茅台: 3.74%
2026-01-16 14:13:45,192 - INFO - 
Formula 2 (ROE/PB) Ranking:
2026-01-16 14:13:45,196 - INFO -   1. 五粮液: 5.37%
2026-01-16 14:13:45,196 - INFO -   2. 洋河股份: 4.20%
2026-01-16 14:13:45,197 - INFO -   3. 东阿阿胶: 3.83%
2026-01-16 14:13:45,197 - INFO -   4. 贵州茅台: 3.66%
2026-01-16 14:13:45,197 - INFO - =====================================================================================
2026-01-16 14:13:45,198 - INFO - Formulas:
2026-01-16 14:13:45,198 - INFO -   F1 = (Dividend / Price) x 100%
2026-01-16 14:13:45,198 - INFO -   F2 = ROE / PB x 100%
2026-01-16 14:13:45,199 - INFO -   LTM = 2024 Annual - 2024 Mid + 2025 Mid
2026-01-16 14:13:45,199 - INFO - =====================================================================================
2026-01-16 14:13:46,690 - INFO - Output files saved to: data/output
2026-01-16 14:13:46,690 - INFO - ROI Calculator (Fast Version) Completed
2026-01-16 14:13:46,691 - INFO - ============================================================
2026-01-16 16:02:41,506 - INFO - Loaded external stocks from: stocks.json
2026-01-16 16:09:03,734 - INFO - Loaded external stocks from: stocks.json
2026-01-16 16:09:03,734 - INFO - ============================================================
2026-01-16 16:09:03,734 - INFO - ROI Calculator (Fast Version) Started
2026-01-16 16:09:03,734 - INFO - Date: 2026-01-16 16:09:03
2026-01-16 16:09:03,734 - INFO - Stocks: 4
2026-01-16 16:09:03,734 - INFO - Data Source: Tencent (price) + akshare (finance + dividend)
2026-01-16 16:09:03,735 - INFO - ============================================================
2026-01-16 16:09:04,403 - INFO - [东阿阿胶] Price: 49.12
2026-01-16 16:09:05,947 - INFO - [东阿阿胶] ROE: 12.14%, BPS: 15.447619818505, PB: 3.18
2026-01-16 16:09:07,384 - INFO - [东阿阿胶] TTM-Dividend(from Xueqiu): 2.543, Yield: 5.177%
2026-01-16 16:09:07,384 - INFO - [东阿阿胶] Formula2-ROE/PB: 3.82%
2026-01-16 16:09:08,004 - INFO - [五粮液] Price: 105.16
2026-01-16 16:09:08,604 - INFO - [五粮液] ROE: 15.37%, BPS: 36.710492820207, PB: 2.86
2026-01-16 16:09:10,001 - INFO - [五粮液] TTM-Dividend(from Xueqiu): 5.747, Yield: 5.465%
2026-01-16 16:09:10,001 - INFO - [五粮液] Formula2-ROE/PB: 5.37%
2026-01-16 16:09:10,624 - INFO - [贵州茅台] Price: 1382.0
2026-01-16 16:09:11,238 - INFO - [贵州茅台] ROE: 24.64%, BPS: 205.283142014385, PB: 6.73
2026-01-16 16:09:12,532 - INFO - [贵州茅台] TTM-Dividend(from Xueqiu): 51.717, Yield: 3.742%
2026-01-16 16:09:12,532 - INFO - [贵州茅台] Formula2-ROE/PB: 3.66%
2026-01-16 16:09:13,155 - INFO - [洋河股份] Price: 62.0
2026-01-16 16:09:13,753 - INFO - [洋河股份] ROE: 8.06%, BPS: 32.236885718649, PB: 1.92
2026-01-16 16:09:15,191 - INFO - [洋河股份] TTM-Dividend(from Xueqiu): 4.647, Yield: 7.495%
2026-01-16 16:09:15,191 - INFO - [洋河股份] Formula2-ROE/PB: 4.20%
2026-01-16 16:09:15,191 - INFO - Execution Time: 11.5 seconds
2026-01-16 16:09:15,191 - INFO - =====================================================================================
2026-01-16 16:09:15,191 - INFO - ROI Summary:
2026-01-16 16:09:15,191 - INFO - Name         Code       Price      ROE      PB       LTM        F1-Yield     F2-ROE/PB 
2026-01-16 16:09:15,191 - INFO - -------------------------------------------------------------------------------------
2026-01-16 16:09:15,191 - INFO - 东阿阿胶         SZ000423   49.12      12.14    3.18     2.5430     5.18%        3.82%     
2026-01-16 16:09:15,191 - INFO - 五粮液          SZ000858   105.16     15.37    2.86     5.7470     5.46%        5.37%     
2026-01-16 16:09:15,191 - INFO - 贵州茅台         SH600519   1382.00    24.64    6.73     51.7170    3.74%        3.66%     
2026-01-16 16:09:15,192 - INFO - 洋河股份         SZ002304   62.00      8.06     1.92     4.6470     7.50%        4.20%     
2026-01-16 16:09:15,192 - INFO - -------------------------------------------------------------------------------------
2026-01-16 16:09:15,192 - INFO - 
Formula 1 (Dividend Yield) Ranking:
2026-01-16 16:09:15,192 - INFO -   1. 洋河股份: 7.50%
2026-01-16 16:09:15,194 - INFO -   2. 五粮液: 5.46%
2026-01-16 16:09:15,194 - INFO -   3. 东阿阿胶: 5.18%
2026-01-16 16:09:15,195 - INFO -   4. 贵州茅台: 3.74%
2026-01-16 16:09:15,195 - INFO - 
Formula 2 (ROE/PB) Ranking:
2026-01-16 16:09:15,196 - INFO -   1. 五粮液: 5.37%
2026-01-16 16:09:15,196 - INFO -   2. 洋河股份: 4.20%
2026-01-16 16:09:15,196 - INFO -   3. 东阿阿胶: 3.82%
2026-01-16 16:09:15,197 - INFO -   4. 贵州茅台: 3.66%
2026-01-16 16:09:15,197 - INFO - =====================================================================================
2026-01-16 16:09:15,198 - INFO - Formulas:
2026-01-16 16:09:15,198 - INFO -   F1 = (Dividend / Price) x 100%
2026-01-16 16:09:15,198 - INFO -   F2 = ROE / PB x 100%
2026-01-16 16:09:15,198 - INFO -   LTM = 2024 Annual - 2024 Mid + 2025 Mid
2026-01-16 16:09:15,199 - INFO - =====================================================================================
2026-01-16 16:09:16,590 - INFO - Output files saved to: data/output
2026-01-16 16:09:16,591 - INFO - ROI Calculator (Fast Version) Completed
2026-01-16 16:09:16,591 - INFO - ============================================================
2026-01-16 16:10:53,462 - INFO - Loaded external stocks from: stocks.json
2026-01-16 16:10:53,462 - INFO - ============================================================
2026-01-16 16:10:53,463 - INFO - ROI Calculator (Fast Version) Started
2026-01-16 16:10:53,463 - INFO - Date: 2026-01-16 16:10:53
2026-01-16 16:10:53,463 - INFO - Stocks: 4
2026-01-16 16:10:53,463 - INFO - Data Source: Tencent (price) + akshare (finance + dividend)
2026-01-16 16:10:53,463 - INFO - ============================================================
2026-01-16 16:10:54,115 - INFO - [东阿阿胶] Price: 49.12
2026-01-16 16:10:55,670 - INFO - [东阿阿胶] ROE: 12.14%, BPS: 15.447619818505, PB: 3.18
2026-01-16 16:10:57,023 - INFO - [东阿阿胶] TTM-Dividend(from Xueqiu): 2.543, Yield: 5.177%
2026-01-16 16:10:57,023 - INFO - [东阿阿胶] Formula2-ROE/PB: 3.82%
2026-01-16 16:10:57,625 - INFO - [五粮液] Price: 105.16
2026-01-16 16:10:58,567 - INFO - [五粮液] ROE: 15.37%, BPS: 36.710492820207, PB: 2.86
2026-01-16 16:11:00,080 - INFO - [五粮液] TTM-Dividend(from Xueqiu): 5.747, Yield: 5.465%
2026-01-16 16:11:00,081 - INFO - [五粮液] Formula2-ROE/PB: 5.37%
2026-01-16 16:11:00,698 - INFO - [贵州茅台] Price: 1382.0
2026-01-16 16:11:01,325 - INFO - [贵州茅台] ROE: 24.64%, BPS: 205.283142014385, PB: 6.73
2026-01-16 16:11:02,652 - INFO - [贵州茅台] TTM-Dividend(from Xueqiu): 51.717, Yield: 3.742%
2026-01-16 16:11:02,653 - INFO - [贵州茅台] Formula2-ROE/PB: 3.66%
2026-01-16 16:11:03,274 - INFO - [洋河股份] Price: 62.0
2026-01-16 16:11:03,931 - INFO - [洋河股份] ROE: 8.06%, BPS: 32.236885718649, PB: 1.92
2026-01-16 16:11:05,503 - INFO - [洋河股份] TTM-Dividend(from Xueqiu): 4.647, Yield: 7.495%
2026-01-16 16:11:05,503 - INFO - [洋河股份] Formula2-ROE/PB: 4.20%
2026-01-16 16:11:05,505 - INFO - Execution Time: 12.0 seconds
2026-01-16 16:11:05,508 - INFO - =====================================================================================
2026-01-16 16:11:05,509 - INFO - ROI Summary:
2026-01-16 16:11:05,509 - INFO - Name         Code       Price      ROE      PB       LTM        F1-Yield     F2-ROE/PB 
2026-01-16 16:11:05,510 - INFO - -------------------------------------------------------------------------------------
2026-01-16 16:11:05,510 - INFO - 东阿阿胶         SZ000423   49.12      12.14    3.18     2.5430     5.18%        3.82%     
2026-01-16 16:11:05,510 - INFO - 五粮液          SZ000858   105.16     15.37    2.86     5.7470     5.46%        5.37%     
2026-01-16 16:11:05,511 - INFO - 贵州茅台         SH600519   1382.00    24.64    6.73     51.7170    3.74%        3.66%     
2026-01-16 16:11:05,511 - INFO - 洋河股份         SZ002304   62.00      8.06     1.92     4.6470     7.50%        4.20%     
2026-01-16 16:11:05,512 - INFO - -------------------------------------------------------------------------------------
2026-01-16 16:11:05,512 - INFO - 
Formula 1 (Dividend Yield) Ranking:
2026-01-16 16:11:05,513 - INFO -   1. 洋河股份: 7.50%
2026-01-16 16:11:05,513 - INFO -   2. 五粮液: 5.46%
2026-01-16 16:11:05,514 - INFO -   3. 东阿阿胶: 5.18%
2026-01-16 16:11:05,514 - INFO -   4. 贵州茅台: 3.74%
2026-01-16 16:11:05,514 - INFO - 
Formula 2 (ROE/PB) Ranking:
2026-01-16 16:11:05,515 - INFO -   1. 五粮液: 5.37%
2026-01-16 16:11:05,515 - INFO -   2. 洋河股份: 4.20%
2026-01-16 16:11:05,515 - INFO -   3. 东阿阿胶: 3.82%
2026-01-16 16:11:05,516 - INFO -   4. 贵州茅台: 3.66%
2026-01-16 16:11:05,516 - INFO - =====================================================================================
2026-01-16 16:11:05,516 - INFO - Formulas:
2026-01-16 16:11:05,517 - INFO -   F1 = (Dividend / Price) x 100%
2026-01-16 16:11:05,517 - INFO -   F2 = ROE / PB x 100%
2026-01-16 16:11:05,517 - INFO -   LTM = 2024 Annual - 2024 Mid + 2025 Mid
2026-01-16 16:11:05,518 - INFO - =====================================================================================
2026-01-16 16:11:06,986 - INFO - Output files saved to: data/output
2026-01-16 16:11:06,986 - INFO - ROI Calculator (Fast Version) Completed
2026-01-16 16:11:06,990 - INFO - ============================================================
2026-01-16 16:13:32,081 - INFO - Loaded external stocks from: stocks.json
2026-01-16 16:13:32,081 - INFO - ============================================================
2026-01-16 16:13:32,082 - INFO - ROI Calculator (Fast Version) Started
2026-01-16 16:13:32,082 - INFO - Date: 2026-01-16 16:13:32
2026-01-16 16:13:32,082 - INFO - Stocks: 5
2026-01-16 16:13:32,082 - INFO - Data Source: Tencent (price) + akshare (finance + dividend)
2026-01-16 16:13:32,082 - INFO - ============================================================
2026-01-16 16:13:32,751 - INFO - [东阿阿胶] Price: 49.12
2026-01-16 16:13:34,289 - INFO - [东阿阿胶] ROE: 12.14%, BPS: 15.447619818505, PB: 3.18
2026-01-16 16:13:35,648 - INFO - [东阿阿胶] TTM-Dividend(from Xueqiu): 2.543, Yield: 5.177%
2026-01-16 16:13:35,648 - INFO - [东阿阿胶] Formula2-ROE/PB: 3.82%
2026-01-16 16:13:36,321 - INFO - [五粮液] Price: 105.16
2026-01-16 16:13:36,964 - INFO - [五粮液] ROE: 15.37%, BPS: 36.710492820207, PB: 2.86
2026-01-16 16:13:38,415 - INFO - [五粮液] TTM-Dividend(from Xueqiu): 5.747, Yield: 5.465%
2026-01-16 16:13:38,415 - INFO - [五粮液] Formula2-ROE/PB: 5.37%
2026-01-16 16:13:39,045 - INFO - [贵州茅台] Price: 1382.0
2026-01-16 16:13:39,666 - INFO - [贵州茅台] ROE: 24.64%, BPS: 205.283142014385, PB: 6.73
2026-01-16 16:13:41,039 - INFO - [贵州茅台] TTM-Dividend(from Xueqiu): 51.717, Yield: 3.742%
2026-01-16 16:13:41,039 - INFO - [贵州茅台] Formula2-ROE/PB: 3.66%
2026-01-16 16:13:41,670 - INFO - [洋河股份] Price: 62.0
2026-01-16 16:13:42,479 - INFO - [洋河股份] ROE: 8.06%, BPS: 32.236885718649, PB: 1.92
2026-01-16 16:13:43,884 - INFO - [洋河股份] TTM-Dividend(from Xueqiu): 4.647, Yield: 7.495%
2026-01-16 16:13:43,884 - INFO - [洋河股份] Formula2-ROE/PB: 4.20%
2026-01-16 16:13:44,582 - INFO - [洽洽食品] Price: 22.88
2026-01-16 16:13:45,230 - INFO - [洽洽食品] ROE: 2.93%, BPS: 10.26251971639, PB: 2.23
2026-01-16 16:13:46,526 - INFO - [洽洽食品] TTM-Dividend(from Xueqiu): 1.301, Yield: 5.686%
2026-01-16 16:13:46,526 - INFO - [洽洽食品] Formula2-ROE/PB: 1.31%
2026-01-16 16:13:46,529 - INFO - Execution Time: 14.4 seconds
2026-01-16 16:13:46,530 - INFO - =====================================================================================
2026-01-16 16:13:46,530 - INFO - ROI Summary:
2026-01-16 16:13:46,531 - INFO - Name         Code       Price      ROE      PB       LTM        F1-Yield     F2-ROE/PB 
2026-01-16 16:13:46,531 - INFO - -------------------------------------------------------------------------------------
2026-01-16 16:13:46,532 - INFO - 东阿阿胶         SZ000423   49.12      12.14    3.18     2.5430     5.18%        3.82%     
2026-01-16 16:13:46,532 - INFO - 五粮液          SZ000858   105.16     15.37    2.86     5.7470     5.46%        5.37%     
2026-01-16 16:13:46,532 - INFO - 贵州茅台         SH600519   1382.00    24.64    6.73     51.7170    3.74%        3.66%     
2026-01-16 16:13:46,533 - INFO - 洋河股份         SZ002304   62.00      8.06     1.92     4.6470     7.50%        4.20%     
2026-01-16 16:13:46,534 - INFO - 洽洽食品         SZ002557   22.88      2.93     2.23     1.3010     5.69%        1.31%     
2026-01-16 16:13:46,534 - INFO - -------------------------------------------------------------------------------------
2026-01-16 16:13:46,534 - INFO - 
Formula 1 (Dividend Yield) Ranking:
2026-01-16 16:13:46,535 - INFO -   1. 洋河股份: 7.50%
2026-01-16 16:13:46,535 - INFO -   2. 洽洽食品: 5.69%
2026-01-16 16:13:46,536 - INFO -   3. 五粮液: 5.46%
2026-01-16 16:13:46,536 - INFO -   4. 东阿阿胶: 5.18%
2026-01-16 16:13:46,536 - INFO -   5. 贵州茅台: 3.74%
2026-01-16 16:13:46,537 - INFO - 
Formula 2 (ROE/PB) Ranking:
2026-01-16 16:13:46,537 - INFO -   1. 五粮液: 5.37%
2026-01-16 16:13:46,537 - INFO -   2. 洋河股份: 4.20%
2026-01-16 16:13:46,538 - INFO -   3. 东阿阿胶: 3.82%
2026-01-16 16:13:46,538 - INFO -   4. 贵州茅台: 3.66%
2026-01-16 16:13:46,538 - INFO -   5. 洽洽食品: 1.31%
2026-01-16 16:13:46,539 - INFO - =====================================================================================
2026-01-16 16:13:46,539 - INFO - Formulas:
2026-01-16 16:13:46,539 - INFO -   F1 = (Dividend / Price) x 100%
2026-01-16 16:13:46,540 - INFO -   F2 = ROE / PB x 100%
2026-01-16 16:13:46,540 - INFO -   LTM = 2024 Annual - 2024 Mid + 2025 Mid
2026-01-16 16:13:46,540 - INFO - =====================================================================================
2026-01-16 16:13:48,025 - INFO - Output files saved to: data/output
2026-01-16 16:13:48,025 - INFO - ROI Calculator (Fast Version) Completed
2026-01-16 16:13:48,026 - INFO - ============================================================
