2026-01-21 15:16:33,632 - INFO - Loaded external stocks from: stocks.json
2026-01-21 15:16:33,632 - INFO - ============================================================
2026-01-21 15:16:33,633 - INFO - ROI Calculator (Fast Version) Started
2026-01-21 15:16:33,633 - INFO - Date: 2026-01-21 15:16:33
2026-01-21 15:16:33,633 - INFO - Stocks: 5
2026-01-21 15:16:33,633 - INFO - Data Source: Tencent (price) + akshare (finance + dividend)
2026-01-21 15:16:33,633 - INFO - ============================================================
2026-01-21 15:16:34,317 - INFO - [东阿阿胶] Price: 50.15
2026-01-21 15:16:36,270 - INFO - [东阿阿胶] ROE: 14.6%, BPS: 16.010162757084, PB: 3.13
2026-01-21 15:16:37,654 - INFO - [东阿阿胶] TTM-Dividend(from Xueqiu): 2.543, Yield: 5.071%
2026-01-21 15:16:37,654 - INFO - [东阿阿胶] Formula2-ROE/PB: 4.66%
2026-01-21 15:16:38,285 - INFO - [五粮液] Price: 103.05
2026-01-21 15:16:38,885 - INFO - [五粮液] ROE: 23.35%, BPS: 34.337646110654, PB: 3.0
2026-01-21 15:16:40,240 - INFO - [五粮液] TTM-Dividend(from Xueqiu): 5.747, Yield: 5.577%
2026-01-21 15:16:40,240 - INFO - [五粮液] Formula2-ROE/PB: 7.78%
2026-01-21 15:16:40,841 - INFO - [贵州茅台] Price: 1351.06
2026-01-21 15:16:41,405 - INFO - [贵州茅台] ROE: 36.02%, BPS: 185.564713136315, PB: 7.28
2026-01-21 15:16:42,688 - INFO - [贵州茅台] TTM-Dividend(from Xueqiu): 51.717, Yield: 3.828%
2026-01-21 15:16:42,689 - INFO - [贵州茅台] Formula2-ROE/PB: 4.95%
2026-01-21 15:16:43,284 - INFO - [洋河股份] Price: 63.18
2026-01-21 15:16:43,901 - INFO - [洋河股份] ROE: 20.0%, BPS: 32.236885718649, PB: 1.96
2026-01-21 15:16:45,238 - INFO - [洋河股份] TTM-Dividend(from Xueqiu): 4.647, Yield: 7.355%
2026-01-21 15:16:45,238 - INFO - [洋河股份] Formula2-ROE/PB: 10.20%
2026-01-21 15:16:45,838 - INFO - [格力电器] Price: 40.77
2026-01-21 15:16:46,515 - INFO - [格力电器] ROE: 25.42%, BPS: 24.532573661028, PB: 1.66
2026-01-21 15:16:47,842 - INFO - [格力电器] TTM-Dividend(from Xueqiu): 3.0, Yield: 7.358%
2026-01-21 15:16:47,842 - INFO - [格力电器] Formula2-ROE/PB: 15.31%
2026-01-21 15:16:47,843 - INFO - Execution Time: 14.2 seconds
2026-01-21 15:16:47,845 - INFO - =====================================================================================
2026-01-21 15:16:47,846 - INFO - ROI Summary:
2026-01-21 15:16:47,846 - INFO - Name         Code       Price      ROE      PB       LTM        F1-Yield     F2-ROE/PB 
2026-01-21 15:16:47,846 - INFO - -------------------------------------------------------------------------------------
2026-01-21 15:16:47,847 - INFO - 东阿阿胶         SZ000423   50.15      14.60    3.13     2.5430     5.07%        4.66%     
2026-01-21 15:16:47,847 - INFO - 五粮液          SZ000858   103.05     23.35    3.00     5.7470     5.58%        7.78%     
2026-01-21 15:16:47,848 - INFO - 贵州茅台         SH600519   1351.06    36.02    7.28     51.7170    3.83%        4.95%     
2026-01-21 15:16:47,848 - INFO - 洋河股份         SZ002304   63.18      20.00    1.96     4.6470     7.36%        10.20%    
2026-01-21 15:16:47,848 - INFO - 格力电器         SZ000651   40.77      25.42    1.66     3.0000     7.36%        15.31%    
2026-01-21 15:16:47,849 - INFO - -------------------------------------------------------------------------------------
2026-01-21 15:16:47,849 - INFO - 
Formula 1 (Dividend Yield) Ranking:
2026-01-21 15:16:47,850 - INFO -   1. 格力电器: 7.36%
2026-01-21 15:16:47,850 - INFO -   2. 洋河股份: 7.36%
2026-01-21 15:16:47,850 - INFO -   3. 五粮液: 5.58%
2026-01-21 15:16:47,851 - INFO -   4. 东阿阿胶: 5.07%
2026-01-21 15:16:47,851 - INFO -   5. 贵州茅台: 3.83%
2026-01-21 15:16:47,851 - INFO - 
Formula 2 (ROE/PB) Ranking:
2026-01-21 15:16:47,852 - INFO -   1. 格力电器: 15.31%
2026-01-21 15:16:47,852 - INFO -   2. 洋河股份: 10.20%
2026-01-21 15:16:47,852 - INFO -   3. 五粮液: 7.78%
2026-01-21 15:16:47,853 - INFO -   4. 贵州茅台: 4.95%
2026-01-21 15:16:47,853 - INFO -   5. 东阿阿胶: 4.66%
2026-01-21 15:16:47,854 - INFO - =====================================================================================
2026-01-21 15:16:47,855 - INFO - Formulas:
2026-01-21 15:16:47,855 - INFO -   F1 = (Dividend / Price) x 100%
2026-01-21 15:16:47,855 - INFO -   F2 = ROE / PB x 100%
2026-01-21 15:16:47,856 - INFO -   LTM = 2024 Annual - 2024 Mid + 2025 Mid
2026-01-21 15:16:47,856 - INFO - =====================================================================================
2026-01-21 15:16:49,514 - INFO - Output files saved to: data/output
2026-01-21 15:16:49,514 - INFO - ROI Calculator (Fast Version) Completed
2026-01-21 15:16:49,516 - INFO - ============================================================
