2026-01-20 14:27:53,719 - INFO - Loaded external stocks from: stocks.json
2026-01-20 14:27:53,720 - INFO - ============================================================
2026-01-20 14:27:53,721 - INFO - ROI Calculator (Fast Version) Started
2026-01-20 14:27:53,721 - INFO - Date: 2026-01-20 14:27:53
2026-01-20 14:27:53,721 - INFO - Stocks: 5
2026-01-20 14:27:53,721 - INFO - Data Source: Tencent (price) + akshare (finance + dividend)
2026-01-20 14:27:53,721 - INFO - ============================================================
2026-01-20 14:27:54,407 - INFO - [东阿阿胶] Price: 49.72
2026-01-20 14:27:56,397 - INFO - [东阿阿胶] ROE: 14.6%, BPS: 16.010162757084, PB: 3.11
2026-01-20 14:27:57,792 - INFO - [东阿阿胶] TTM-Dividend(from Xueqiu): 2.543, Yield: 5.115%
2026-01-20 14:27:57,793 - INFO - [东阿阿胶] Formula2-ROE/PB: 4.69%
2026-01-20 14:27:58,398 - INFO - [五粮液] Price: 104.74
2026-01-20 15:48:51,260 - INFO - Loaded external stocks from: stocks.json
2026-01-20 15:48:51,261 - INFO - ============================================================
2026-01-20 15:48:51,261 - INFO - ROI Calculator (Fast Version) Started
2026-01-20 15:48:51,261 - INFO - Date: 2026-01-20 15:48:51
2026-01-20 15:48:51,262 - INFO - Stocks: 5
2026-01-20 15:48:51,262 - INFO - Data Source: Tencent (price) + akshare (finance + dividend)
2026-01-20 15:48:51,262 - INFO - ============================================================
2026-01-20 15:48:51,927 - INFO - [东阿阿胶] Price: 49.85
2026-01-20 15:48:53,825 - INFO - [东阿阿胶] ROE: 14.6%, BPS: 16.010162757084, PB: 3.11
2026-01-20 15:48:55,260 - INFO - [东阿阿胶] TTM-Dividend(from Xueqiu): 2.543, Yield: 5.101%
2026-01-20 15:48:55,260 - INFO - [东阿阿胶] Formula2-ROE/PB: 4.69%
2026-01-20 15:48:55,864 - INFO - [五粮液] Price: 104.91
2026-01-20 15:48:56,406 - INFO - [五粮液] ROE: 23.35%, BPS: 34.337646110654, PB: 3.06
2026-01-20 15:48:57,738 - INFO - [五粮液] TTM-Dividend(from Xueqiu): 5.747, Yield: 5.478%
2026-01-20 15:48:57,738 - INFO - [五粮液] Formula2-ROE/PB: 7.63%
2026-01-20 15:48:58,355 - INFO - [贵州茅台] Price: 1373.55
2026-01-20 15:48:58,949 - INFO - [贵州茅台] ROE: 36.02%, BPS: 185.564713136315, PB: 7.4
2026-01-20 15:49:00,274 - INFO - [贵州茅台] TTM-Dividend(from Xueqiu): 51.717, Yield: 3.765%
2026-01-20 15:49:00,275 - INFO - [贵州茅台] Formula2-ROE/PB: 4.87%
2026-01-20 15:49:00,869 - INFO - [洋河股份] Price: 64.19
2026-01-20 15:49:01,503 - INFO - [洋河股份] ROE: 20.0%, BPS: 32.236885718649, PB: 1.99
2026-01-20 15:49:02,830 - INFO - [洋河股份] TTM-Dividend(from Xueqiu): 4.647, Yield: 7.239%
2026-01-20 15:49:02,830 - INFO - [洋河股份] Formula2-ROE/PB: 10.05%
2026-01-20 15:49:03,433 - INFO - [洽洽食品] Price: 23.84
2026-01-20 15:49:04,193 - INFO - [洽洽食品] ROE: 15.13%, BPS: 11.0865440996, PB: 2.15
2026-01-20 15:49:05,707 - INFO - [洽洽食品] TTM-Dividend(from Xueqiu): 1.301, Yield: 5.457%
2026-01-20 15:49:05,707 - INFO - [洽洽食品] Formula2-ROE/PB: 7.04%
2026-01-20 15:49:05,712 - INFO - Execution Time: 14.4 seconds
2026-01-20 15:49:05,713 - INFO - =====================================================================================
2026-01-20 15:49:05,714 - INFO - ROI Summary:
2026-01-20 15:49:05,715 - INFO - Name         Code       Price      ROE      PB       LTM        F1-Yield     F2-ROE/PB 
2026-01-20 15:49:05,716 - INFO - -------------------------------------------------------------------------------------
2026-01-20 15:49:05,716 - INFO - 东阿阿胶         SZ000423   49.85      14.60    3.11     2.5430     5.10%        4.69%     
2026-01-20 15:49:05,717 - INFO - 五粮液          SZ000858   104.91     23.35    3.06     5.7470     5.48%        7.63%     
2026-01-20 15:49:05,718 - INFO - 贵州茅台         SH600519   1373.55    36.02    7.40     51.7170    3.77%        4.87%     
2026-01-20 15:49:05,731 - INFO - 洋河股份         SZ002304   64.19      20.00    1.99     4.6470     7.24%        10.05%    
2026-01-20 15:49:05,740 - INFO - 洽洽食品         SZ002557   23.84      15.13    2.15     1.3010     5.46%        7.04%     
2026-01-20 15:49:05,742 - INFO - -------------------------------------------------------------------------------------
2026-01-20 15:49:05,742 - INFO - 
Formula 1 (Dividend Yield) Ranking:
2026-01-20 15:49:05,743 - INFO -   1. 洋河股份: 7.24%
2026-01-20 15:49:05,743 - INFO -   2. 五粮液: 5.48%
2026-01-20 15:49:05,758 - INFO -   3. 洽洽食品: 5.46%
2026-01-20 15:49:05,761 - INFO -   4. 东阿阿胶: 5.10%
2026-01-20 15:49:05,764 - INFO -   5. 贵州茅台: 3.77%
2026-01-20 15:49:05,765 - INFO - 
Formula 2 (ROE/PB) Ranking:
2026-01-20 15:49:05,766 - INFO -   1. 洋河股份: 10.05%
2026-01-20 15:49:05,767 - INFO -   2. 五粮液: 7.63%
2026-01-20 15:49:05,767 - INFO -   3. 洽洽食品: 7.04%
2026-01-20 15:49:05,767 - INFO -   4. 贵州茅台: 4.87%
2026-01-20 15:49:05,772 - INFO -   5. 东阿阿胶: 4.69%
2026-01-20 15:49:05,773 - INFO - =====================================================================================
2026-01-20 15:49:05,773 - INFO - Formulas:
2026-01-20 15:49:05,774 - INFO -   F1 = (Dividend / Price) x 100%
2026-01-20 15:49:05,774 - INFO -   F2 = ROE / PB x 100%
2026-01-20 15:49:05,776 - INFO -   LTM = 2024 Annual - 2024 Mid + 2025 Mid
2026-01-20 15:49:05,777 - INFO - =====================================================================================
2026-01-20 15:49:07,664 - INFO - Output files saved to: data/output
2026-01-20 15:49:07,664 - INFO - ROI Calculator (Fast Version) Completed
2026-01-20 15:49:07,666 - INFO - ============================================================
