2026-01-19 10:17:35,499 - INFO - Loaded external stocks from: stocks.json
2026-01-19 10:17:35,499 - INFO - ============================================================
2026-01-19 10:17:35,500 - INFO - ROI Calculator (Fast Version) Started
2026-01-19 10:17:35,500 - INFO - Date: 2026-01-19 10:17:35
2026-01-19 10:17:35,500 - INFO - Stocks: 5
2026-01-19 10:17:35,500 - INFO - Data Source: Tencent (price) + akshare (finance + dividend)
2026-01-19 10:17:35,500 - INFO - ============================================================
2026-01-19 10:17:36,212 - INFO - [东阿阿胶] Price: 49.3
2026-01-19 10:17:38,338 - INFO - [东阿阿胶] ROE: 12.14%, BPS: 15.447619818505, PB: 3.19, Source: akshare(Quarterly ROE=12.14%)
2026-01-19 10:17:39,759 - INFO - [东阿阿胶] TTM-Dividend(from Xueqiu): 2.543, Yield: 5.158%
2026-01-19 10:17:39,759 - INFO - [东阿阿胶] Formula2-ROE/PB: 3.81%
2026-01-19 10:17:40,394 - INFO - [五粮液] Price: 105.26
2026-01-19 10:17:41,129 - INFO - [五粮液] ROE: 15.37%, BPS: 36.710492820207, PB: 2.87, Source: akshare(Quarterly ROE=15.37%)
2026-01-19 10:17:42,657 - INFO - [五粮液] TTM-Dividend(from Xueqiu): 5.747, Yield: 5.46%
2026-01-19 10:17:42,657 - INFO - [五粮液] Formula2-ROE/PB: 5.36%
2026-01-19 10:17:43,408 - INFO - [贵州茅台] Price: 1385.37
2026-01-19 10:17:44,012 - INFO - [贵州茅台] ROE: 24.64%, BPS: 205.283142014385, PB: 6.75, Source: akshare(Quarterly ROE=24.64%)
2026-01-19 10:17:45,419 - INFO - [贵州茅台] TTM-Dividend(from Xueqiu): 51.717, Yield: 3.732%
2026-01-19 10:17:45,419 - INFO - [贵州茅台] Formula2-ROE/PB: 3.65%
2026-01-19 10:17:46,068 - INFO - [洋河股份] Price: 62.12
2026-01-19 10:17:46,726 - INFO - [洋河股份] ROE: 20.0%, BPS: 32.236885718649, PB: 1.93, Source: Custom(20.0%)
2026-01-19 10:17:47,999 - INFO - [洋河股份] TTM-Dividend(from Xueqiu): 4.647, Yield: 7.481%
2026-01-19 10:17:47,999 - INFO - [洋河股份] Formula2-ROE/PB: 10.36%
2026-01-19 10:17:48,626 - INFO - [洽洽食品] Price: 23.27
2026-01-19 10:17:49,439 - INFO - [洽洽食品] ROE: 2.93%, BPS: 10.26251971639, PB: 2.27, Source: akshare(Quarterly ROE=2.93%)
2026-01-19 10:17:50,732 - INFO - [洽洽食品] TTM-Dividend(from Xueqiu): 1.301, Yield: 5.591%
2026-01-19 10:17:50,732 - INFO - [洽洽食品] Formula2-ROE/PB: 1.29%
2026-01-19 10:17:50,734 - INFO - Execution Time: 15.2 seconds
2026-01-19 10:17:50,736 - INFO - =====================================================================================
2026-01-19 10:17:50,736 - INFO - ROI Summary:
2026-01-19 10:17:50,737 - INFO - Name         Code       Price      ROE      PB       LTM        F1-Yield     F2-ROE/PB 
2026-01-19 10:17:50,737 - INFO - -------------------------------------------------------------------------------------
2026-01-19 10:17:50,738 - INFO - 东阿阿胶         SZ000423   49.30      12.14    3.19     2.5430     5.16%        3.81%     
2026-01-19 10:17:50,738 - INFO - 五粮液          SZ000858   105.26     15.37    2.87     5.7470     5.46%        5.36%     
2026-01-19 10:17:50,738 - INFO - 贵州茅台         SH600519   1385.37    24.64    6.75     51.7170    3.73%        3.65%     
2026-01-19 10:17:50,739 - INFO - 洋河股份         SZ002304   62.12      20.00    1.93     4.6470     7.48%        10.36%    
2026-01-19 10:17:50,739 - INFO - 洽洽食品         SZ002557   23.27      2.93     2.27     1.3010     5.59%        1.29%     
2026-01-19 10:17:50,740 - INFO - -------------------------------------------------------------------------------------
2026-01-19 10:17:50,740 - INFO - 
Formula 1 (Dividend Yield) Ranking:
2026-01-19 10:17:50,740 - INFO -   1. 洋河股份: 7.48%
2026-01-19 10:17:50,741 - INFO -   2. 洽洽食品: 5.59%
2026-01-19 10:17:50,741 - INFO -   3. 五粮液: 5.46%
2026-01-19 10:17:50,741 - INFO -   4. 东阿阿胶: 5.16%
2026-01-19 10:17:50,742 - INFO -   5. 贵州茅台: 3.73%
2026-01-19 10:17:50,742 - INFO - 
Formula 2 (ROE/PB) Ranking:
2026-01-19 10:17:50,742 - INFO -   1. 洋河股份: 10.36%
2026-01-19 10:17:50,743 - INFO -   2. 五粮液: 5.36%
2026-01-19 10:17:50,743 - INFO -   3. 东阿阿胶: 3.81%
2026-01-19 10:17:50,743 - INFO -   4. 贵州茅台: 3.65%
2026-01-19 10:17:50,744 - INFO -   5. 洽洽食品: 1.29%
2026-01-19 10:17:50,744 - INFO - =====================================================================================
2026-01-19 10:17:50,744 - INFO - Formulas:
2026-01-19 10:17:50,745 - INFO -   F1 = (Dividend / Price) x 100%
2026-01-19 10:17:50,745 - INFO -   F2 = ROE / PB x 100%
2026-01-19 10:17:50,745 - INFO -   LTM = 2024 Annual - 2024 Mid + 2025 Mid
2026-01-19 10:17:50,746 - INFO - =====================================================================================
2026-01-19 10:17:52,505 - INFO - Output files saved to: data/output
2026-01-19 10:17:52,505 - INFO - ROI Calculator (Fast Version) Completed
2026-01-19 10:17:52,507 - INFO - ============================================================
2026-01-19 10:18:36,260 - INFO - Loaded external stocks from: stocks.json
2026-01-19 10:18:36,260 - INFO - ============================================================
2026-01-19 10:18:36,261 - INFO - ROI Calculator (Fast Version) Started
2026-01-19 10:18:36,261 - INFO - Date: 2026-01-19 10:18:36
2026-01-19 10:18:36,261 - INFO - Stocks: 5
2026-01-19 10:18:36,261 - INFO - Data Source: Tencent (price) + akshare (finance + dividend)
2026-01-19 10:18:36,261 - INFO - ============================================================
2026-01-19 10:18:36,852 - INFO - [东阿阿胶] Price: 49.25
2026-01-19 10:18:38,304 - INFO - [东阿阿胶] ROE: 12.14%, BPS: 15.447619818505, PB: 3.19, Source: akshare(Quarterly ROE=12.14%)
2026-01-19 10:18:39,635 - INFO - [东阿阿胶] TTM-Dividend(from Xueqiu): 2.543, Yield: 5.163%
2026-01-19 10:18:39,635 - INFO - [东阿阿胶] Formula2-ROE/PB: 3.81%
2026-01-19 10:18:40,240 - INFO - [五粮液] Price: 105.19
2026-01-19 10:18:40,864 - INFO - [五粮液] ROE: 15.37%, BPS: 36.710492820207, PB: 2.87, Source: akshare(Quarterly ROE=15.37%)
2026-01-19 10:18:42,186 - INFO - [五粮液] TTM-Dividend(from Xueqiu): 5.747, Yield: 5.463%
2026-01-19 10:18:42,186 - INFO - [五粮液] Formula2-ROE/PB: 5.36%
2026-01-19 10:18:42,770 - INFO - [贵州茅台] Price: 1384.6
2026-01-19 10:18:43,378 - INFO - [贵州茅台] ROE: 24.64%, BPS: 205.283142014385, PB: 6.74, Source: akshare(Quarterly ROE=24.64%)
2026-01-19 10:18:44,605 - INFO - [贵州茅台] TTM-Dividend(from Xueqiu): 51.717, Yield: 3.735%
2026-01-19 10:18:44,605 - INFO - [贵州茅台] Formula2-ROE/PB: 3.66%
2026-01-19 10:18:45,201 - INFO - [洋河股份] Price: 62.13
2026-01-19 10:18:45,862 - INFO - [洋河股份] ROE: 20.0%, BPS: 32.236885718649, PB: 1.93, Source: Custom(20.0%)
2026-01-19 10:18:47,191 - INFO - [洋河股份] TTM-Dividend(from Xueqiu): 4.647, Yield: 7.479%
2026-01-19 10:18:47,191 - INFO - [洋河股份] Formula2-ROE/PB: 10.36%
2026-01-19 10:18:47,828 - INFO - [洽洽食品] Price: 23.36
2026-01-19 10:18:48,520 - INFO - [洽洽食品] ROE: 2.93%, BPS: 10.26251971639, PB: 2.28, Source: akshare(Quarterly ROE=2.93%)
2026-01-19 10:18:50,915 - INFO - [洽洽食品] TTM-Dividend(from Xueqiu): 1.301, Yield: 5.569%
2026-01-19 10:18:50,915 - INFO - [洽洽食品] Formula2-ROE/PB: 1.29%
2026-01-19 10:18:50,917 - INFO - Execution Time: 14.7 seconds
2026-01-19 10:18:50,919 - INFO - =====================================================================================
2026-01-19 10:18:50,919 - INFO - ROI Summary:
2026-01-19 10:18:50,920 - INFO - Name         Code       Price      ROE      PB       LTM        F1-Yield     F2-ROE/PB 
2026-01-19 10:18:50,920 - INFO - -------------------------------------------------------------------------------------
2026-01-19 10:18:50,921 - INFO - 东阿阿胶         SZ000423   49.25      12.14    3.19     2.5430     5.16%        3.81%     
2026-01-19 10:18:50,921 - INFO - 五粮液          SZ000858   105.19     15.37    2.87     5.7470     5.46%        5.36%     
2026-01-19 10:18:50,921 - INFO - 贵州茅台         SH600519   1384.60    24.64    6.74     51.7170    3.73%        3.66%     
2026-01-19 10:18:50,922 - INFO - 洋河股份         SZ002304   62.13      20.00    1.93     4.6470     7.48%        10.36%    
2026-01-19 10:18:50,923 - INFO - 洽洽食品         SZ002557   23.36      2.93     2.28     1.3010     5.57%        1.29%     
2026-01-19 10:18:50,923 - INFO - -------------------------------------------------------------------------------------
2026-01-19 10:18:50,923 - INFO - 
Formula 1 (Dividend Yield) Ranking:
2026-01-19 10:18:50,924 - INFO -   1. 洋河股份: 7.48%
2026-01-19 10:18:50,924 - INFO -   2. 洽洽食品: 5.57%
2026-01-19 10:18:50,924 - INFO -   3. 五粮液: 5.46%
2026-01-19 10:18:50,925 - INFO -   4. 东阿阿胶: 5.16%
2026-01-19 10:18:50,925 - INFO -   5. 贵州茅台: 3.73%
2026-01-19 10:18:50,925 - INFO - 
Formula 2 (ROE/PB) Ranking:
2026-01-19 10:18:50,926 - INFO -   1. 洋河股份: 10.36%
2026-01-19 10:18:50,926 - INFO -   2. 五粮液: 5.36%
2026-01-19 10:18:50,926 - INFO -   3. 东阿阿胶: 3.81%
2026-01-19 10:18:50,927 - INFO -   4. 贵州茅台: 3.66%
2026-01-19 10:18:50,927 - INFO -   5. 洽洽食品: 1.29%
2026-01-19 10:18:50,927 - INFO - =====================================================================================
2026-01-19 10:18:50,928 - INFO - Formulas:
2026-01-19 10:18:50,928 - INFO -   F1 = (Dividend / Price) x 100%
2026-01-19 10:18:50,929 - INFO -   F2 = ROE / PB x 100%
2026-01-19 10:18:50,933 - INFO -   LTM = 2024 Annual - 2024 Mid + 2025 Mid
2026-01-19 10:18:50,934 - INFO - =====================================================================================
2026-01-19 10:18:52,370 - INFO - Output files saved to: data/output
2026-01-19 10:18:52,370 - INFO - ROI Calculator (Fast Version) Completed
2026-01-19 10:18:52,372 - INFO - ============================================================
2026-01-19 10:33:26,910 - INFO - Loaded external stocks from: stocks.json
2026-01-19 10:33:26,910 - INFO - ============================================================
2026-01-19 10:33:26,911 - INFO - ROI Calculator (Fast Version) Started
2026-01-19 10:33:26,911 - INFO - Date: 2026-01-19 10:33:26
2026-01-19 10:33:26,911 - INFO - Stocks: 5
2026-01-19 10:33:26,911 - INFO - Data Source: Tencent (price) + akshare (finance + dividend)
2026-01-19 10:33:26,912 - INFO - ============================================================
2026-01-19 10:33:27,533 - INFO - [东阿阿胶] Price: 49.16
2026-01-19 10:33:28,956 - INFO - [东阿阿胶] ROE(Annual)=0%, ROE(Q)=12.14%, BPS=15.447619818505, PB=3.18
2026-01-19 10:33:28,956 - INFO - [东阿阿胶] ROE/PB(Annual)=0.0%, ROE/PB(Q)=3.82%
2026-01-19 10:33:30,327 - INFO - [东阿阿胶] TTM-Dividend(from Xueqiu): 2.543, Yield: 5.173%
2026-01-19 10:33:30,327 - INFO - [东阿阿胶] Formula2(Annual): 0.0%, Formula2(Q): 3.82%
2026-01-19 10:33:30,923 - INFO - [五粮液] Price: 104.82
2026-01-19 10:33:31,550 - INFO - [五粮液] ROE(Annual)=0%, ROE(Q)=15.37%, BPS=36.710492820207, PB=2.86
2026-01-19 10:33:31,550 - INFO - [五粮液] ROE/PB(Annual)=0.0%, ROE/PB(Q)=5.37%
2026-01-19 10:33:32,830 - INFO - [五粮液] TTM-Dividend(from Xueqiu): 5.747, Yield: 5.483%
2026-01-19 10:33:32,830 - INFO - [五粮液] Formula2(Annual): 0.0%, Formula2(Q): 5.37%
2026-01-19 10:33:33,436 - INFO - [贵州茅台] Price: 1380.51
2026-01-19 10:33:34,002 - INFO - [贵州茅台] ROE(Annual)=0%, ROE(Q)=24.64%, BPS=205.283142014385, PB=6.72
2026-01-19 10:33:34,002 - INFO - [贵州茅台] ROE/PB(Annual)=0.0%, ROE/PB(Q)=3.67%
2026-01-19 10:33:35,308 - INFO - [贵州茅台] TTM-Dividend(from Xueqiu): 51.717, Yield: 3.746%
2026-01-19 10:33:35,309 - INFO - [贵州茅台] Formula2(Annual): 0.0%, Formula2(Q): 3.67%
2026-01-19 10:33:35,910 - INFO - [洋河股份] Price: 62.1
2026-01-19 10:33:36,601 - INFO - [洋河股份] ROE(Annual)=20.0%, ROE(Q)=8.06%, BPS=32.236885718649, PB=1.93
2026-01-19 10:33:36,601 - INFO - [洋河股份] ROE/PB(Annual)=10.36%, ROE/PB(Q)=4.18%
2026-01-19 10:33:37,921 - INFO - [洋河股份] TTM-Dividend(from Xueqiu): 4.647, Yield: 7.483%
2026-01-19 10:33:37,921 - INFO - [洋河股份] Formula2(Annual): 10.36%, Formula2(Q): 4.18%
2026-01-19 10:33:38,511 - INFO - [洽洽食品] Price: 23.42
2026-01-19 10:33:39,074 - INFO - [洽洽食品] ROE(Annual)=0%, ROE(Q)=2.93%, BPS=10.26251971639, PB=2.28
2026-01-19 10:33:39,074 - INFO - [洽洽食品] ROE/PB(Annual)=0.0%, ROE/PB(Q)=1.29%
2026-01-19 10:33:40,350 - INFO - [洽洽食品] TTM-Dividend(from Xueqiu): 1.301, Yield: 5.555%
2026-01-19 10:33:40,350 - INFO - [洽洽食品] Formula2(Annual): 0.0%, Formula2(Q): 1.29%
2026-01-19 10:33:40,352 - INFO - Execution Time: 13.4 seconds
2026-01-19 10:33:40,353 - INFO - ====================================================================================================
2026-01-19 10:33:40,354 - INFO - ROI Summary:
2026-01-19 10:33:40,354 - INFO - Name         Code       Price      ROE(A)     ROE(Q)     PB       LTM        F1-Yield     F2-ROE/PB(A) F2-ROE/PB(Q)
2026-01-19 10:33:40,355 - INFO - ----------------------------------------------------------------------------------------------------
2026-01-19 10:33:40,355 - INFO - 东阿阿胶         SZ000423   49.16      N/A        12.14%     3.18     2.5430     5.17%        N/A        3.82%     
2026-01-19 10:33:40,356 - INFO - 五粮液          SZ000858   104.82     N/A        15.37%     2.86     5.7470     5.48%        N/A        5.37%     
2026-01-19 10:33:40,357 - INFO - 贵州茅台         SH600519   1380.51    N/A        24.64%     6.72     51.7170    3.75%        N/A        3.67%     
2026-01-19 10:33:40,357 - INFO - 洋河股份         SZ002304   62.10      20.00%     8.06%      1.93     4.6470     7.48%        10.36%     4.18%     
2026-01-19 10:33:40,357 - INFO - 洽洽食品         SZ002557   23.42      N/A        2.93%      2.28     1.3010     5.55%        N/A        1.29%     
2026-01-19 10:33:40,358 - INFO - ----------------------------------------------------------------------------------------------------
2026-01-19 10:33:40,358 - INFO - 
Formula 1 (Dividend Yield) Ranking:
2026-01-19 10:33:40,359 - INFO -   1. 洋河股份: 7.48%
2026-01-19 10:33:40,359 - INFO -   2. 洽洽食品: 5.55%
2026-01-19 10:33:40,359 - INFO -   3. 五粮液: 5.48%
2026-01-19 10:33:40,360 - INFO -   4. 东阿阿胶: 5.17%
2026-01-19 10:33:40,360 - INFO -   5. 贵州茅台: 3.75%
2026-01-19 10:33:40,360 - INFO - 
Formula 2 (ROE/PB Annual) Ranking:
2026-01-19 10:33:40,361 - INFO -   1. 洋河股份: 10.36%
2026-01-19 10:33:40,361 - INFO - 
Formula 2 (ROE/PB Quarterly) Ranking:
2026-01-19 10:33:40,361 - INFO -   1. 五粮液: 5.37%
2026-01-19 10:33:40,362 - INFO -   2. 洋河股份: 4.18%
2026-01-19 10:33:40,362 - INFO -   3. 东阿阿胶: 3.82%
2026-01-19 10:33:40,362 - INFO -   4. 贵州茅台: 3.67%
2026-01-19 10:33:40,363 - INFO -   5. 洽洽食品: 1.29%
2026-01-19 10:33:40,363 - INFO - =====================================================================================
2026-01-19 10:33:40,363 - INFO - Formulas:
2026-01-19 10:33:40,364 - INFO -   F1 = (Dividend / Price) x 100%
2026-01-19 10:33:40,364 - INFO -   F2 = ROE / PB x 100%
2026-01-19 10:33:40,365 - INFO -   LTM = 2024 Annual - 2024 Mid + 2025 Mid
2026-01-19 10:33:40,369 - INFO - =====================================================================================
2026-01-19 10:33:42,211 - INFO - Output files saved to: data/output
2026-01-19 10:33:42,211 - INFO - ROI Calculator (Fast Version) Completed
2026-01-19 10:33:42,213 - INFO - ============================================================
2026-01-19 10:43:35,248 - INFO - Loaded external stocks from: stocks.json
2026-01-19 10:43:35,248 - INFO - ============================================================
2026-01-19 10:43:35,249 - INFO - ROI Calculator (Fast Version) Started
2026-01-19 10:43:35,249 - INFO - Date: 2026-01-19 10:43:35
2026-01-19 10:43:35,249 - INFO - Stocks: 5
2026-01-19 10:43:35,249 - INFO - Data Source: Tencent (price) + akshare (finance + dividend)
2026-01-19 10:43:35,249 - INFO - ============================================================
2026-01-19 10:43:35,872 - INFO - [东阿阿胶] Price: 49.14
2026-01-19 10:43:37,320 - INFO - [东阿阿胶] ROE: 12.14%, BPS: 15.447619818505, PB: 3.18
2026-01-19 10:43:38,805 - INFO - [东阿阿胶] TTM-Dividend(from Xueqiu): 2.543, Yield: 5.175%
2026-01-19 10:43:38,805 - INFO - [东阿阿胶] Formula2-ROE/PB: 3.82%
2026-01-19 10:43:39,411 - INFO - [五粮液] Price: 104.62
2026-01-19 10:43:40,164 - INFO - [五粮液] ROE: 15.37%, BPS: 36.710492820207, PB: 2.85
2026-01-19 10:43:41,449 - INFO - [五粮液] TTM-Dividend(from Xueqiu): 5.747, Yield: 5.493%
2026-01-19 10:43:41,449 - INFO - [五粮液] Formula2-ROE/PB: 5.39%
2026-01-19 10:43:42,062 - INFO - [贵州茅台] Price: 1380.67
2026-01-19 10:43:42,667 - INFO - [贵州茅台] ROE: 24.64%, BPS: 205.283142014385, PB: 6.73
2026-01-19 10:43:43,959 - INFO - [贵州茅台] TTM-Dividend(from Xueqiu): 51.717, Yield: 3.746%
2026-01-19 10:43:43,959 - INFO - [贵州茅台] Formula2-ROE/PB: 3.66%
2026-01-19 10:43:44,555 - INFO - [洋河股份] Price: 61.95
2026-01-19 10:43:45,182 - INFO - [洋河股份] ROE: 8.06%, BPS: 32.236885718649, PB: 1.92
2026-01-19 10:43:46,545 - INFO - [洋河股份] TTM-Dividend(from Xueqiu): 4.647, Yield: 7.501%
2026-01-19 10:43:46,545 - INFO - [洋河股份] Formula2-ROE/PB: 4.20%
2026-01-19 10:43:47,143 - INFO - [洽洽食品] Price: 23.37
2026-01-19 10:43:47,819 - INFO - [洽洽食品] ROE: 2.93%, BPS: 10.26251971639, PB: 2.28
2026-01-19 10:43:49,152 - INFO - [洽洽食品] TTM-Dividend(from Xueqiu): 1.301, Yield: 5.567%
2026-01-19 10:43:49,153 - INFO - [洽洽食品] Formula2-ROE/PB: 1.29%
2026-01-19 10:43:49,156 - INFO - Execution Time: 13.9 seconds
2026-01-19 10:43:49,156 - INFO - =====================================================================================
2026-01-19 10:43:49,156 - INFO - ROI Summary:
2026-01-19 10:43:49,156 - INFO - Name         Code       Price      ROE      PB       LTM        F1-Yield     F2-ROE/PB 
2026-01-19 10:43:49,156 - INFO - -------------------------------------------------------------------------------------
2026-01-19 10:43:49,156 - INFO - 东阿阿胶         SZ000423   49.14      12.14    3.18     2.5430     5.17%        3.82%     
2026-01-19 10:43:49,156 - INFO - 五粮液          SZ000858   104.62     15.37    2.85     5.7470     5.49%        5.39%     
2026-01-19 10:43:49,156 - INFO - 贵州茅台         SH600519   1380.67    24.64    6.73     51.7170    3.75%        3.66%     
2026-01-19 10:43:49,156 - INFO - 洋河股份         SZ002304   61.95      8.06     1.92     4.6470     7.50%        4.20%     
2026-01-19 10:43:49,156 - INFO - 洽洽食品         SZ002557   23.37      2.93     2.28     1.3010     5.57%        1.29%     
2026-01-19 10:43:49,158 - INFO - -------------------------------------------------------------------------------------
2026-01-19 10:43:49,159 - INFO - 
Formula 1 (Dividend Yield) Ranking:
2026-01-19 10:43:49,159 - INFO -   1. 洋河股份: 7.50%
2026-01-19 10:43:49,160 - INFO -   2. 洽洽食品: 5.57%
2026-01-19 10:43:49,160 - INFO -   3. 五粮液: 5.49%
2026-01-19 10:43:49,161 - INFO -   4. 东阿阿胶: 5.17%
2026-01-19 10:43:49,161 - INFO -   5. 贵州茅台: 3.75%
2026-01-19 10:43:49,161 - INFO - 
Formula 2 (ROE/PB) Ranking:
2026-01-19 10:43:49,162 - INFO -   1. 五粮液: 5.39%
2026-01-19 10:43:49,162 - INFO -   2. 洋河股份: 4.20%
2026-01-19 10:43:49,162 - INFO -   3. 东阿阿胶: 3.82%
2026-01-19 10:43:49,163 - INFO -   4. 贵州茅台: 3.66%
2026-01-19 10:43:49,163 - INFO -   5. 洽洽食品: 1.29%
2026-01-19 10:43:49,163 - INFO - =====================================================================================
2026-01-19 10:43:49,164 - INFO - Formulas:
2026-01-19 10:43:49,164 - INFO -   F1 = (Dividend / Price) x 100%
2026-01-19 10:43:49,164 - INFO -   F2 = ROE / PB x 100%
2026-01-19 10:43:49,164 - INFO -   LTM = 2024 Annual - 2024 Mid + 2025 Mid
2026-01-19 10:43:49,165 - INFO - =====================================================================================
2026-01-19 10:43:50,616 - INFO - Output files saved to: data/output
2026-01-19 10:43:50,617 - INFO - ROI Calculator (Fast Version) Completed
2026-01-19 10:43:50,618 - INFO - ============================================================
2026-01-19 10:47:03,415 - INFO - Loaded external stocks from: stocks.json
2026-01-19 10:47:03,416 - INFO - ============================================================
2026-01-19 10:47:03,416 - INFO - ROI Calculator (Fast Version) Started
2026-01-19 10:47:03,416 - INFO - Date: 2026-01-19 10:47:03
2026-01-19 10:47:03,417 - INFO - Stocks: 5
2026-01-19 10:47:03,417 - INFO - Data Source: Tencent (price) + akshare (finance + dividend)
2026-01-19 10:47:03,417 - INFO - ============================================================
2026-01-19 10:47:04,040 - INFO - [东阿阿胶] Price: 49.14
2026-01-19 10:47:05,552 - INFO - [东阿阿胶] ROE: 12.14%, BPS: 15.447619818505, PB: 3.18
2026-01-19 10:47:06,839 - INFO - [东阿阿胶] TTM-Dividend(from Xueqiu): 2.543, Yield: 5.176%
2026-01-19 10:47:06,839 - INFO - [东阿阿胶] Formula2-ROE/PB: 3.82%
2026-01-19 10:47:07,422 - INFO - [五粮液] Price: 104.74
2026-01-19 10:47:08,003 - INFO - [五粮液] ROE: 15.37%, BPS: 36.710492820207, PB: 2.85
2026-01-19 10:47:09,402 - INFO - [五粮液] TTM-Dividend(from Xueqiu): 5.747, Yield: 5.486%
2026-01-19 10:47:09,402 - INFO - [五粮液] Formula2-ROE/PB: 5.39%
2026-01-19 10:47:10,007 - INFO - [贵州茅台] Price: 1380.18
2026-01-19 10:47:10,719 - INFO - [贵州茅台] ROE: 24.64%, BPS: 205.283142014385, PB: 6.72
2026-01-19 10:47:11,992 - INFO - [贵州茅台] TTM-Dividend(from Xueqiu): 51.717, Yield: 3.747%
2026-01-19 10:47:11,993 - INFO - [贵州茅台] Formula2-ROE/PB: 3.67%
2026-01-19 10:47:12,588 - INFO - [洋河股份] Price: 61.99
2026-01-19 10:47:13,265 - INFO - [洋河股份] ROE: 20.0%, BPS: 32.236885718649, PB: 1.92
2026-01-19 10:47:14,556 - INFO - [洋河股份] TTM-Dividend(from Xueqiu): 4.647, Yield: 7.496%
2026-01-19 10:47:14,556 - INFO - [洋河股份] Formula2-ROE/PB: 10.42%
2026-01-19 10:47:15,143 - INFO - [洽洽食品] Price: 23.53
2026-01-19 10:47:15,728 - INFO - [洽洽食品] ROE: 2.93%, BPS: 10.26251971639, PB: 2.29
2026-01-19 10:47:17,081 - INFO - [洽洽食品] TTM-Dividend(from Xueqiu): 1.301, Yield: 5.529%
2026-01-19 10:47:17,082 - INFO - [洽洽食品] Formula2-ROE/PB: 1.28%
2026-01-19 10:47:17,084 - INFO - Execution Time: 13.7 seconds
2026-01-19 10:47:17,085 - INFO - =====================================================================================
2026-01-19 10:47:17,086 - INFO - ROI Summary:
2026-01-19 10:47:17,087 - INFO - Name         Code       Price      ROE      PB       LTM        F1-Yield     F2-ROE/PB 
2026-01-19 10:47:17,088 - INFO - -------------------------------------------------------------------------------------
2026-01-19 10:47:17,088 - INFO - 东阿阿胶         SZ000423   49.14      12.14    3.18     2.5430     5.18%        3.82%     
2026-01-19 10:47:17,088 - INFO - 五粮液          SZ000858   104.74     15.37    2.85     5.7470     5.49%        5.39%     
2026-01-19 10:47:17,089 - INFO - 贵州茅台         SH600519   1380.18    24.64    6.72     51.7170    3.75%        3.67%     
2026-01-19 10:47:17,089 - INFO - 洋河股份         SZ002304   61.99      20.00    1.92     4.6470     7.50%        10.42%    
2026-01-19 10:47:17,090 - INFO - 洽洽食品         SZ002557   23.53      2.93     2.29     1.3010     5.53%        1.28%     
2026-01-19 10:47:17,090 - INFO - -------------------------------------------------------------------------------------
2026-01-19 10:47:17,090 - INFO - 
Formula 1 (Dividend Yield) Ranking:
2026-01-19 10:47:17,091 - INFO -   1. 洋河股份: 7.50%
2026-01-19 10:47:17,091 - INFO -   2. 洽洽食品: 5.53%
2026-01-19 10:47:17,091 - INFO -   3. 五粮液: 5.49%
2026-01-19 10:47:17,092 - INFO -   4. 东阿阿胶: 5.18%
2026-01-19 10:47:17,092 - INFO -   5. 贵州茅台: 3.75%
2026-01-19 10:47:17,092 - INFO - 
Formula 2 (ROE/PB) Ranking:
2026-01-19 10:47:17,093 - INFO -   1. 洋河股份: 10.42%
2026-01-19 10:47:17,093 - INFO -   2. 五粮液: 5.39%
2026-01-19 10:47:17,093 - INFO -   3. 东阿阿胶: 3.82%
2026-01-19 10:47:17,094 - INFO -   4. 贵州茅台: 3.67%
2026-01-19 10:47:17,094 - INFO -   5. 洽洽食品: 1.28%
2026-01-19 10:47:17,094 - INFO - =====================================================================================
2026-01-19 10:47:17,095 - INFO - Formulas:
2026-01-19 10:47:17,095 - INFO -   F1 = (Dividend / Price) x 100%
2026-01-19 10:47:17,095 - INFO -   F2 = ROE / PB x 100%
2026-01-19 10:47:17,096 - INFO -   LTM = 2024 Annual - 2024 Mid + 2025 Mid
2026-01-19 10:47:17,096 - INFO - =====================================================================================
2026-01-19 10:47:18,524 - INFO - Output files saved to: data/output
2026-01-19 10:47:18,524 - INFO - ROI Calculator (Fast Version) Completed
2026-01-19 10:47:18,526 - INFO - ============================================================
2026-01-19 10:53:28,681 - INFO - Loaded external stocks from: stocks.json
2026-01-19 10:53:28,681 - INFO - ============================================================
2026-01-19 10:53:28,681 - INFO - ROI Calculator (Fast Version) Started
2026-01-19 10:53:28,681 - INFO - Date: 2026-01-19 10:53:28
2026-01-19 10:53:28,681 - INFO - Stocks: 5
2026-01-19 10:53:28,682 - INFO - Data Source: Tencent (price) + akshare (finance + dividend)
2026-01-19 10:53:28,682 - INFO - ============================================================
2026-01-19 10:53:29,315 - INFO - [东阿阿胶] Price: 49.1
2026-01-19 10:53:30,862 - INFO - [东阿阿胶] ROE: 0%, BPS: 15.447619818505, PB: 3.18
2026-01-19 10:53:32,232 - INFO - [东阿阿胶] TTM-Dividend(from Xueqiu): 2.543, Yield: 5.179%
2026-01-19 10:53:32,233 - INFO - [东阿阿胶] Formula2-ROE/PB: 0.00%
2026-01-19 10:53:32,828 - INFO - [五粮液] Price: 104.7
2026-01-19 10:53:33,438 - INFO - [五粮液] ROE: 0%, BPS: 36.710492820207, PB: 2.85
2026-01-19 10:53:34,716 - INFO - [五粮液] TTM-Dividend(from Xueqiu): 5.747, Yield: 5.489%
2026-01-19 10:53:34,717 - INFO - [五粮液] Formula2-ROE/PB: 0.00%
2026-01-19 10:53:35,308 - INFO - [贵州茅台] Price: 1381.55
2026-01-19 10:53:35,970 - INFO - [贵州茅台] ROE: 0%, BPS: 205.283142014385, PB: 6.73
2026-01-19 10:53:37,310 - INFO - [贵州茅台] TTM-Dividend(from Xueqiu): 51.717, Yield: 3.743%
2026-01-19 10:53:37,311 - INFO - [贵州茅台] Formula2-ROE/PB: 0.00%
2026-01-19 10:53:37,906 - INFO - [洋河股份] Price: 62.02
2026-01-19 10:53:38,532 - INFO - [洋河股份] ROE: 20.0%, BPS: 32.236885718649, PB: 1.92
2026-01-19 10:53:39,820 - INFO - [洋河股份] TTM-Dividend(from Xueqiu): 4.647, Yield: 7.493%
2026-01-19 10:53:39,820 - INFO - [洋河股份] Formula2-ROE/PB: 10.42%
2026-01-19 10:53:40,409 - INFO - [洽洽食品] Price: 23.73
2026-01-19 10:53:41,069 - INFO - [洽洽食品] ROE: 0%, BPS: 10.26251971639, PB: 2.31
2026-01-19 10:53:42,394 - INFO - [洽洽食品] TTM-Dividend(from Xueqiu): 1.301, Yield: 5.483%
2026-01-19 10:53:42,395 - INFO - [洽洽食品] Formula2-ROE/PB: 0.00%
2026-01-19 10:53:42,396 - INFO - Execution Time: 13.7 seconds
2026-01-19 10:53:42,398 - INFO - =====================================================================================
2026-01-19 10:53:42,398 - INFO - ROI Summary:
2026-01-19 10:53:42,399 - INFO - Name         Code       Price      ROE      PB       LTM        F1-Yield     F2-ROE/PB 
2026-01-19 10:53:42,399 - INFO - -------------------------------------------------------------------------------------
2026-01-19 10:53:42,399 - INFO - 东阿阿胶         SZ000423   49.10      N/A      3.18     2.5430     5.18%        N/A       
2026-01-19 10:53:42,400 - INFO - 五粮液          SZ000858   104.70     N/A      2.85     5.7470     5.49%        N/A       
2026-01-19 10:53:42,400 - INFO - 贵州茅台         SH600519   1381.55    N/A      6.73     51.7170    3.74%        N/A       
2026-01-19 10:53:42,400 - INFO - 洋河股份         SZ002304   62.02      20.00    1.92     4.6470     7.49%        10.42%    
2026-01-19 10:53:42,401 - INFO - 洽洽食品         SZ002557   23.73      N/A      2.31     1.3010     5.48%        N/A       
2026-01-19 10:53:42,401 - INFO - -------------------------------------------------------------------------------------
2026-01-19 10:53:42,401 - INFO - 
Formula 1 (Dividend Yield) Ranking:
2026-01-19 10:53:42,402 - INFO -   1. 洋河股份: 7.49%
2026-01-19 10:53:42,402 - INFO -   2. 五粮液: 5.49%
2026-01-19 10:53:42,402 - INFO -   3. 洽洽食品: 5.48%
2026-01-19 10:53:42,403 - INFO -   4. 东阿阿胶: 5.18%
2026-01-19 10:53:42,403 - INFO -   5. 贵州茅台: 3.74%
2026-01-19 10:53:42,403 - INFO - 
Formula 2 (ROE/PB) Ranking:
2026-01-19 10:53:42,404 - INFO -   1. 洋河股份: 10.42%
2026-01-19 10:53:42,404 - INFO - =====================================================================================
2026-01-19 10:53:42,404 - INFO - Formulas:
2026-01-19 10:53:42,405 - INFO -   F1 = (Dividend / Price) x 100%
2026-01-19 10:53:42,405 - INFO -   F2 = ROE / PB x 100%
2026-01-19 10:53:42,405 - INFO -   LTM = 2024 Annual - 2024 Mid + 2025 Mid
2026-01-19 10:53:42,407 - INFO - =====================================================================================
2026-01-19 10:53:43,843 - INFO - Output files saved to: data/output
2026-01-19 10:53:43,843 - INFO - ROI Calculator (Fast Version) Completed
2026-01-19 10:53:43,845 - INFO - ============================================================
2026-01-19 10:57:36,673 - INFO - Loaded external stocks from: stocks.json
2026-01-19 10:57:36,673 - INFO - ============================================================
2026-01-19 10:57:36,674 - INFO - ROI Calculator (Fast Version) Started
2026-01-19 10:57:36,674 - INFO - Date: 2026-01-19 10:57:36
2026-01-19 10:57:36,674 - INFO - Stocks: 5
2026-01-19 10:57:36,674 - INFO - Data Source: Tencent (price) + akshare (finance + dividend)
2026-01-19 10:57:36,674 - INFO - ============================================================
2026-01-19 10:57:37,292 - INFO - [东阿阿胶] Price: 49.1
2026-01-19 10:57:38,731 - INFO - [东阿阿胶] ROE: 14.6%, BPS: 16.010162757084, PB: 3.07
2026-01-19 10:57:40,021 - INFO - [东阿阿胶] TTM-Dividend(from Xueqiu): 2.543, Yield: 5.179%
2026-01-19 10:57:40,021 - INFO - [东阿阿胶] Formula2-ROE/PB: 4.76%
2026-01-19 10:57:40,618 - INFO - [五粮液] Price: 104.71
2026-01-19 10:57:41,217 - INFO - [五粮液] ROE: 23.35%, BPS: 34.337646110654, PB: 3.05
2026-01-19 10:57:42,601 - INFO - [五粮液] TTM-Dividend(from Xueqiu): 5.747, Yield: 5.488%
2026-01-19 10:57:42,602 - INFO - [五粮液] Formula2-ROE/PB: 7.66%
2026-01-19 10:57:43,205 - INFO - [贵州茅台] Price: 1381.51
2026-01-19 10:57:43,836 - INFO - [贵州茅台] ROE: 36.02%, BPS: 185.564713136315, PB: 7.44
2026-01-19 10:57:45,212 - INFO - [贵州茅台] TTM-Dividend(from Xueqiu): 51.717, Yield: 3.744%
2026-01-19 10:57:45,213 - INFO - [贵州茅台] Formula2-ROE/PB: 4.84%
2026-01-19 10:57:45,809 - INFO - [洋河股份] Price: 61.99
2026-01-19 10:57:46,489 - INFO - [洋河股份] ROE: 20.0%, BPS: 32.236885718649, PB: 1.92
2026-01-19 10:57:47,737 - INFO - [洋河股份] TTM-Dividend(from Xueqiu): 4.647, Yield: 7.496%
2026-01-19 10:57:47,737 - INFO - [洋河股份] Formula2-ROE/PB: 10.42%
2026-01-19 10:57:48,347 - INFO - [洽洽食品] Price: 23.69
2026-01-19 10:57:48,933 - INFO - [洽洽食品] ROE: 15.13%, BPS: 11.0865440996, PB: 2.14
2026-01-19 10:57:50,243 - INFO - [洽洽食品] TTM-Dividend(from Xueqiu): 1.301, Yield: 5.489%
2026-01-19 10:57:50,243 - INFO - [洽洽食品] Formula2-ROE/PB: 7.07%
2026-01-19 10:57:50,245 - INFO - Execution Time: 13.6 seconds
2026-01-19 10:57:50,247 - INFO - =====================================================================================
2026-01-19 10:57:50,247 - INFO - ROI Summary:
2026-01-19 10:57:50,247 - INFO - Name         Code       Price      ROE      PB       LTM        F1-Yield     F2-ROE/PB 
2026-01-19 10:57:50,248 - INFO - -------------------------------------------------------------------------------------
2026-01-19 10:57:50,248 - INFO - 东阿阿胶         SZ000423   49.10      14.60    3.07     2.5430     5.18%        4.76%     
2026-01-19 10:57:50,249 - INFO - 五粮液          SZ000858   104.71     23.35    3.05     5.7470     5.49%        7.66%     
2026-01-19 10:57:50,250 - INFO - 贵州茅台         SH600519   1381.51    36.02    7.44     51.7170    3.74%        4.84%     
2026-01-19 10:57:50,250 - INFO - 洋河股份         SZ002304   61.99      20.00    1.92     4.6470     7.50%        10.42%    
2026-01-19 10:57:50,250 - INFO - 洽洽食品         SZ002557   23.69      15.13    2.14     1.3010     5.49%        7.07%     
2026-01-19 10:57:50,251 - INFO - -------------------------------------------------------------------------------------
2026-01-19 10:57:50,251 - INFO - 
Formula 1 (Dividend Yield) Ranking:
2026-01-19 10:57:50,251 - INFO -   1. 洋河股份: 7.50%
2026-01-19 10:57:50,252 - INFO -   2. 洽洽食品: 5.49%
2026-01-19 10:57:50,252 - INFO -   3. 五粮液: 5.49%
2026-01-19 10:57:50,252 - INFO -   4. 东阿阿胶: 5.18%
2026-01-19 10:57:50,253 - INFO -   5. 贵州茅台: 3.74%
2026-01-19 10:57:50,253 - INFO - 
Formula 2 (ROE/PB) Ranking:
2026-01-19 10:57:50,253 - INFO -   1. 洋河股份: 10.42%
2026-01-19 10:57:50,254 - INFO -   2. 五粮液: 7.66%
2026-01-19 10:57:50,254 - INFO -   3. 洽洽食品: 7.07%
2026-01-19 10:57:50,254 - INFO -   4. 贵州茅台: 4.84%
2026-01-19 10:57:50,255 - INFO -   5. 东阿阿胶: 4.76%
2026-01-19 10:57:50,255 - INFO - =====================================================================================
2026-01-19 10:57:50,256 - INFO - Formulas:
2026-01-19 10:57:50,256 - INFO -   F1 = (Dividend / Price) x 100%
2026-01-19 10:57:50,256 - INFO -   F2 = ROE / PB x 100%
2026-01-19 10:57:50,257 - INFO -   LTM = 2024 Annual - 2024 Mid + 2025 Mid
2026-01-19 10:57:50,257 - INFO - =====================================================================================
2026-01-19 10:57:51,709 - INFO - Output files saved to: data/output
2026-01-19 10:57:51,709 - INFO - ROI Calculator (Fast Version) Completed
2026-01-19 10:57:51,711 - INFO - ============================================================
2026-01-19 16:27:50,382 - INFO - Loaded external stocks from: stocks.json
2026-01-19 16:27:50,383 - INFO - ============================================================
2026-01-19 16:27:50,383 - INFO - ROI Calculator (Fast Version) Started
2026-01-19 16:27:50,383 - INFO - Date: 2026-01-19 16:27:50
2026-01-19 16:27:50,383 - INFO - Stocks: 5
2026-01-19 16:27:50,383 - INFO - Data Source: Tencent (price) + akshare (finance + dividend)
2026-01-19 16:27:50,383 - INFO - ============================================================
2026-01-19 16:27:50,540 - INFO - [东阿阿胶] Price: 49.04
2026-01-19 16:27:50,541 - INFO - [东阿阿胶] ROE: 0%, BPS: 0, PB: 0
2026-01-19 16:27:50,542 - INFO - [东阿阿胶] TTM-Dividend(from Xueqiu): 0, Yield: 0%
2026-01-19 16:27:50,542 - INFO - [东阿阿胶] Formula2-ROE/PB: 0.00%
2026-01-19 16:27:50,676 - INFO - [五粮液] Price: 104.55
2026-01-19 16:27:50,677 - INFO - [五粮液] ROE: 0%, BPS: 0, PB: 0
2026-01-19 16:27:50,678 - INFO - [五粮液] TTM-Dividend(from Xueqiu): 0, Yield: 0%
2026-01-19 16:27:50,678 - INFO - [五粮液] Formula2-ROE/PB: 0.00%
2026-01-19 16:27:50,819 - INFO - [贵州茅台] Price: 1376.0
2026-01-19 16:27:50,820 - INFO - [贵州茅台] ROE: 0%, BPS: 0, PB: 0
2026-01-19 16:27:50,821 - INFO - [贵州茅台] TTM-Dividend(from Xueqiu): 0, Yield: 0%
2026-01-19 16:27:50,821 - INFO - [贵州茅台] Formula2-ROE/PB: 0.00%
2026-01-19 16:27:50,953 - INFO - [洋河股份] Price: 61.99
2026-01-19 16:27:50,954 - INFO - [洋河股份] ROE: 0%, BPS: 0, PB: 0
2026-01-19 16:27:50,955 - INFO - [洋河股份] TTM-Dividend(from Xueqiu): 0, Yield: 0%
2026-01-19 16:27:50,955 - INFO - [洋河股份] Formula2-ROE/PB: 0.00%
2026-01-19 16:27:51,093 - INFO - [洽洽食品] Price: 23.81
2026-01-19 16:27:51,094 - INFO - [洽洽食品] ROE: 0%, BPS: 0, PB: 0
2026-01-19 16:27:51,097 - INFO - [洽洽食品] TTM-Dividend(from Xueqiu): 0, Yield: 0%
2026-01-19 16:27:51,098 - INFO - [洽洽食品] Formula2-ROE/PB: 0.00%
2026-01-19 16:27:51,098 - INFO - Execution Time: 0.7 seconds
2026-01-19 16:27:51,099 - INFO - =====================================================================================
2026-01-19 16:27:51,099 - INFO - ROI Summary:
2026-01-19 16:27:51,099 - INFO - Name         Code       Price      ROE      PB       LTM        F1-Yield     F2-ROE/PB 
2026-01-19 16:27:51,100 - INFO - -------------------------------------------------------------------------------------
2026-01-19 16:27:51,100 - INFO - 东阿阿胶         SZ000423   49.04      N/A      N/A      N/A        N/A          N/A       
2026-01-19 16:27:51,101 - INFO - 五粮液          SZ000858   104.55     N/A      N/A      N/A        N/A          N/A       
2026-01-19 16:27:51,101 - INFO - 贵州茅台         SH600519   1376.00    N/A      N/A      N/A        N/A          N/A       
2026-01-19 16:27:51,101 - INFO - 洋河股份         SZ002304   61.99      N/A      N/A      N/A        N/A          N/A       
2026-01-19 16:27:51,102 - INFO - 洽洽食品         SZ002557   23.81      N/A      N/A      N/A        N/A          N/A       
2026-01-19 16:27:51,102 - INFO - -------------------------------------------------------------------------------------
2026-01-19 16:27:51,102 - INFO - 
Formula 1 (Dividend Yield) Ranking:
2026-01-19 16:27:51,103 - INFO - 
Formula 2 (ROE/PB) Ranking:
2026-01-19 16:27:51,103 - INFO - =====================================================================================
2026-01-19 16:27:51,104 - INFO - Formulas:
2026-01-19 16:27:51,104 - INFO -   F1 = (Dividend / Price) x 100%
2026-01-19 16:27:51,104 - INFO -   F2 = ROE / PB x 100%
2026-01-19 16:27:51,104 - INFO -   LTM = 2024 Annual - 2024 Mid + 2025 Mid
2026-01-19 16:27:51,105 - INFO - =====================================================================================
2026-01-19 16:27:53,589 - INFO - Output files saved to: data/output
2026-01-19 16:27:53,589 - INFO - ROI Calculator (Fast Version) Completed
2026-01-19 16:27:53,590 - INFO - ============================================================
