2026-01-16 13:02:05,517 - INFO - ======================================================================
2026-01-16 13:02:05,518 - INFO - ROI Calculator (Enhanced Version) Started
2026-01-16 13:02:05,518 - INFO - Date: 2026-01-16 13:02:05
2026-01-16 13:02:05,518 - INFO - Stocks: 4
2026-01-16 13:02:05,518 - INFO - Data Source: Tencent (price) + akshare (finance + dividend)
2026-01-16 13:02:05,518 - INFO - ======================================================================
2026-01-16 13:02:05,519 - INFO - [东阿阿胶] Processing...
2026-01-16 13:02:06,224 - INFO - [东阿阿胶] Price: 48.8
2026-01-16 13:02:07,748 - INFO - [东阿阿胶] ROE: 12.14%, BPS: 15.447619818505, PB: 3.16
2026-01-16 13:02:18,043 - INFO - [东阿阿胶] Dividends - Annual2024: 2.42, Mid2024: 1.1489, Mid2025: 1.2698
2026-01-16 13:02:18,043 - INFO - [东阿阿胶] LTM: 2.5409, KouJing1-Yield: 5.21%
2026-01-16 13:02:18,043 - INFO - [东阿阿胶] Annual: 2.42, KouJing2-Yield: 4.96%
2026-01-16 13:02:18,043 - INFO - [东阿阿胶] KouJing1(LTM): F1=5.21%, F2=3.84%
2026-01-16 13:02:18,043 - INFO - [东阿阿胶] KouJing2(Annual): F1=4.96%, F2=3.84%
2026-01-16 13:02:18,043 - INFO - Data fetch time: 12.5 seconds
2026-01-16 13:02:18,043 - INFO - ====================================================================================================
2026-01-16 13:02:18,044 - INFO - ROI Summary
2026-01-16 13:02:18,044 - INFO - ====================================================================================================
2026-01-16 13:02:18,044 - INFO - 
[KouJing1: LTM]
2026-01-16 13:02:18,045 - INFO - Name         Code       Price      ROE      PB       Div        F1-Yield   F2-ROE/PB 
2026-01-16 13:02:18,045 - INFO - ------------------------------------------------------------------------------------------
2026-01-16 13:02:18,045 - INFO - 东阿阿胶         SZ000423   48.80      12.14    3.16     2.5409     5.21      % 3.84      %
2026-01-16 13:02:18,046 - INFO - 
  Ranking (F1 Yield):
2026-01-16 13:02:18,046 - INFO -     1. 东阿阿胶: 5.21%
2026-01-16 13:02:18,046 - INFO - 
[KouJing2: Annual]
2026-01-16 13:02:18,047 - INFO - Name         Code       Price      ROE      PB       Div        F1-Yield   F2-ROE/PB 
2026-01-16 13:02:18,047 - INFO - ------------------------------------------------------------------------------------------
2026-01-16 13:02:18,048 - INFO - 东阿阿胶         SZ000423   48.80      12.14    3.16     2.4200     4.96      % 3.84      %
2026-01-16 13:02:18,048 - INFO - 
  Ranking (F1 Yield):
2026-01-16 13:02:18,048 - INFO -     1. 东阿阿胶: 4.96%
2026-01-16 13:02:18,049 - INFO - 
[Formula 2: ROE/PB Ranking]
2026-01-16 13:02:18,049 - INFO -     1. 东阿阿胶: 3.84%
2026-01-16 13:02:18,798 - INFO - 
[Guaranteed Dividend Notes]
2026-01-16 13:02:18,798 - INFO -   东阿阿胶: 【保底分红】东阿阿胶：需查阅公司公告确认是否有未来三年保底分红承诺
2026-01-16 13:02:18,800 - INFO - ====================================================================================================
2026-01-16 13:02:18,803 - INFO - Formulas:
2026-01-16 13:02:18,803 - INFO -   F1 = (Dividend / Price) x 100%
2026-01-16 13:02:18,804 - INFO -   F2 = ROE / PB x 100%
2026-01-16 13:02:18,804 - INFO -   LTM = 2024 Annual + 2025 Mid
2026-01-16 13:02:18,804 - INFO - ====================================================================================================
2026-01-16 13:02:18,805 - INFO - Output files saved to: data/output
2026-01-16 13:02:18,805 - INFO - ROI Calculator (Enhanced Version) Completed
2026-01-16 13:02:18,805 - INFO - ======================================================================
2026-01-16 13:02:18,808 - INFO - [五粮液] Processing...
2026-01-16 13:02:19,441 - INFO - [五粮液] Price: 105.38
2026-01-16 13:02:20,136 - INFO - [五粮液] ROE: 15.37%, BPS: 36.710492820207, PB: 2.87
2026-01-16 13:02:30,267 - INFO - [五粮液] Dividends - Annual2024: 8.2062, Mid2024: 0, Mid2025: 0
2026-01-16 13:02:30,267 - INFO - [五粮液] LTM: 8.2062, KouJing1-Yield: 7.79%
2026-01-16 13:02:30,268 - INFO - [五粮液] Annual: 8.2062, KouJing2-Yield: 7.79%
2026-01-16 13:02:30,268 - INFO - [五粮液] KouJing1(LTM): F1=7.79%, F2=5.36%
2026-01-16 13:02:30,268 - INFO - [五粮液] KouJing2(Annual): F1=7.79%, F2=5.36%
2026-01-16 13:02:30,270 - INFO - Data fetch time: 24.8 seconds
2026-01-16 13:02:30,272 - INFO - ====================================================================================================
2026-01-16 13:02:30,272 - INFO - ROI Summary
2026-01-16 13:02:30,272 - INFO - ====================================================================================================
2026-01-16 13:02:30,272 - INFO - 
[KouJing1: LTM]
2026-01-16 13:02:30,273 - INFO - Name         Code       Price      ROE      PB       Div        F1-Yield   F2-ROE/PB 
2026-01-16 13:02:30,273 - INFO - ------------------------------------------------------------------------------------------
2026-01-16 13:02:30,273 - INFO - 五粮液          SZ000858   105.38     15.37    2.87     8.2062     7.79      % 5.36      %
2026-01-16 13:02:30,274 - INFO - 东阿阿胶         SZ000423   48.80      12.14    3.16     2.5409     5.21      % 3.84      %
2026-01-16 13:02:30,274 - INFO - 
  Ranking (F1 Yield):
2026-01-16 13:02:30,274 - INFO -     1. 五粮液: 7.79%
2026-01-16 13:02:30,275 - INFO -     2. 东阿阿胶: 5.21%
2026-01-16 13:02:30,275 - INFO - 
[KouJing2: Annual]
2026-01-16 13:02:30,276 - INFO - Name         Code       Price      ROE      PB       Div        F1-Yield   F2-ROE/PB 
2026-01-16 13:02:30,276 - INFO - ------------------------------------------------------------------------------------------
2026-01-16 13:02:30,276 - INFO - 五粮液          SZ000858   105.38     15.37    2.87     8.2062     7.79      % 5.36      %
2026-01-16 13:02:30,277 - INFO - 东阿阿胶         SZ000423   48.80      12.14    3.16     2.4200     4.96      % 3.84      %
2026-01-16 13:02:30,277 - INFO - 
  Ranking (F1 Yield):
2026-01-16 13:02:30,277 - INFO -     1. 五粮液: 7.79%
2026-01-16 13:02:30,278 - INFO -     2. 东阿阿胶: 4.96%
2026-01-16 13:02:30,278 - INFO - 
[Formula 2: ROE/PB Ranking]
2026-01-16 13:02:30,278 - INFO -     1. 五粮液: 5.36%
2026-01-16 13:02:30,279 - INFO -     2. 东阿阿胶: 3.84%
2026-01-16 13:02:30,550 - INFO - 
[Guaranteed Dividend Notes]
2026-01-16 13:02:30,550 - INFO -   东阿阿胶: 【保底分红】东阿阿胶：需查阅公司公告确认是否有未来三年保底分红承诺
2026-01-16 13:02:30,552 - INFO -   五粮液: 【保底分红】五粮液：需查阅公司公告确认是否有未来三年保底分红承诺
2026-01-16 13:02:30,552 - INFO - ====================================================================================================
2026-01-16 13:02:30,553 - INFO - Formulas:
2026-01-16 13:02:30,553 - INFO -   F1 = (Dividend / Price) x 100%
2026-01-16 13:02:30,553 - INFO -   F2 = ROE / PB x 100%
2026-01-16 13:02:30,553 - INFO -   LTM = 2024 Annual + 2025 Mid
2026-01-16 13:02:30,553 - INFO - ====================================================================================================
2026-01-16 13:02:30,553 - INFO - Output files saved to: data/output
2026-01-16 13:02:30,553 - INFO - ROI Calculator (Enhanced Version) Completed
2026-01-16 13:02:30,553 - INFO - ======================================================================
2026-01-16 13:02:30,556 - INFO - [贵州茅台] Processing...
2026-01-16 13:02:31,184 - INFO - [贵州茅台] Price: 1384.2
2026-01-16 13:02:31,803 - INFO - [贵州茅台] ROE: 24.64%, BPS: 205.283142014385, PB: 6.74
2026-01-16 13:02:41,905 - INFO - [贵州茅台] Dividends - Annual2024: 68.64, Mid2024: 0, Mid2025: 0
2026-01-16 13:02:41,905 - INFO - [贵州茅台] LTM: 68.64, KouJing1-Yield: 4.96%
2026-01-16 13:02:41,905 - INFO - [贵州茅台] Annual: 68.64, KouJing2-Yield: 4.96%
2026-01-16 13:02:41,905 - INFO - [贵州茅台] KouJing1(LTM): F1=4.96%, F2=3.66%
2026-01-16 13:02:41,905 - INFO - [贵州茅台] KouJing2(Annual): F1=4.96%, F2=3.66%
2026-01-16 13:02:41,905 - INFO - Data fetch time: 36.4 seconds
2026-01-16 13:02:41,906 - INFO - ====================================================================================================
2026-01-16 13:02:41,906 - INFO - ROI Summary
2026-01-16 13:02:41,907 - INFO - ====================================================================================================
2026-01-16 13:02:41,907 - INFO - 
[KouJing1: LTM]
2026-01-16 13:02:41,907 - INFO - Name         Code       Price      ROE      PB       Div        F1-Yield   F2-ROE/PB 
2026-01-16 13:02:41,908 - INFO - ------------------------------------------------------------------------------------------
2026-01-16 13:02:41,908 - INFO - 五粮液          SZ000858   105.38     15.37    2.87     8.2062     7.79      % 5.36      %
2026-01-16 13:02:41,908 - INFO - 东阿阿胶         SZ000423   48.80      12.14    3.16     2.5409     5.21      % 3.84      %
2026-01-16 13:02:41,909 - INFO - 贵州茅台         SH600519   1384.20    24.64    6.74     68.6400    4.96      % 3.66      %
2026-01-16 13:02:41,909 - INFO - 
  Ranking (F1 Yield):
2026-01-16 13:02:41,909 - INFO -     1. 五粮液: 7.79%
2026-01-16 13:02:41,910 - INFO -     2. 东阿阿胶: 5.21%
2026-01-16 13:02:41,910 - INFO -     3. 贵州茅台: 4.96%
2026-01-16 13:02:41,910 - INFO - 
[KouJing2: Annual]
2026-01-16 13:02:41,911 - INFO - Name         Code       Price      ROE      PB       Div        F1-Yield   F2-ROE/PB 
2026-01-16 13:02:41,912 - INFO - ------------------------------------------------------------------------------------------
2026-01-16 13:02:41,912 - INFO - 五粮液          SZ000858   105.38     15.37    2.87     8.2062     7.79      % 5.36      %
2026-01-16 13:02:41,912 - INFO - 东阿阿胶         SZ000423   48.80      12.14    3.16     2.4200     4.96      % 3.84      %
2026-01-16 13:02:41,913 - INFO - 贵州茅台         SH600519   1384.20    24.64    6.74     68.6400    4.96      % 3.66      %
2026-01-16 13:02:41,913 - INFO - 
  Ranking (F1 Yield):
2026-01-16 13:02:41,913 - INFO -     1. 五粮液: 7.79%
2026-01-16 13:02:41,914 - INFO -     2. 东阿阿胶: 4.96%
2026-01-16 13:02:41,914 - INFO -     3. 贵州茅台: 4.96%
2026-01-16 13:02:41,914 - INFO - 
[Formula 2: ROE/PB Ranking]
2026-01-16 13:02:41,915 - INFO -     1. 五粮液: 5.36%
2026-01-16 13:02:41,915 - INFO -     2. 东阿阿胶: 3.84%
2026-01-16 13:02:41,915 - INFO -     3. 贵州茅台: 3.66%
2026-01-16 13:02:42,270 - INFO - 
[Guaranteed Dividend Notes]
2026-01-16 13:02:42,270 - INFO -   东阿阿胶: 【保底分红】东阿阿胶：需查阅公司公告确认是否有未来三年保底分红承诺
2026-01-16 13:02:42,273 - INFO -   五粮液: 【保底分红】五粮液：需查阅公司公告确认是否有未来三年保底分红承诺
2026-01-16 13:02:42,273 - INFO -   贵州茅台: 【保底分红】贵州茅台：需查阅公司公告确认是否有未来三年保底分红承诺
2026-01-16 13:02:42,273 - INFO - ====================================================================================================
2026-01-16 13:02:42,273 - INFO - Formulas:
2026-01-16 13:02:42,273 - INFO -   F1 = (Dividend / Price) x 100%
2026-01-16 13:02:42,273 - INFO -   F2 = ROE / PB x 100%
2026-01-16 13:02:42,274 - INFO -   LTM = 2024 Annual + 2025 Mid
2026-01-16 13:02:42,276 - INFO - ====================================================================================================
2026-01-16 13:02:42,276 - INFO - Output files saved to: data/output
2026-01-16 13:02:42,276 - INFO - ROI Calculator (Enhanced Version) Completed
2026-01-16 13:02:42,277 - INFO - ======================================================================
2026-01-16 13:02:42,278 - INFO - [洋河股份] Processing...
2026-01-16 13:02:42,903 - INFO - [洋河股份] Price: 62.01
2026-01-16 13:02:43,547 - INFO - [洋河股份] ROE: 8.06%, BPS: 32.236885718649, PB: 1.92
2026-01-16 13:02:53,040 - INFO - [洋河股份] Dividends - Annual2024: 4.4299, Mid2024: 0, Mid2025: 0
2026-01-16 13:02:53,040 - INFO - [洋河股份] LTM: 4.4299, KouJing1-Yield: 7.14%
2026-01-16 13:02:53,041 - INFO - [洋河股份] Annual: 4.4299, KouJing2-Yield: 7.14%
2026-01-16 13:02:53,042 - INFO - [洋河股份] KouJing1(LTM): F1=7.14%, F2=4.20%
2026-01-16 13:02:53,043 - INFO - [洋河股份] KouJing2(Annual): F1=7.14%, F2=4.20%
2026-01-16 13:02:53,043 - INFO - Data fetch time: 47.5 seconds
2026-01-16 13:02:53,043 - INFO - ====================================================================================================
2026-01-16 13:02:53,044 - INFO - ROI Summary
2026-01-16 13:02:53,044 - INFO - ====================================================================================================
2026-01-16 13:02:53,044 - INFO - 
[KouJing1: LTM]
2026-01-16 13:02:53,045 - INFO - Name         Code       Price      ROE      PB       Div        F1-Yield   F2-ROE/PB 
2026-01-16 13:02:53,046 - INFO - ------------------------------------------------------------------------------------------
2026-01-16 13:02:53,048 - INFO - 五粮液          SZ000858   105.38     15.37    2.87     8.2062     7.79      % 5.36      %
2026-01-16 13:02:53,049 - INFO - 洋河股份         SZ002304   62.01      8.06     1.92     4.4299     7.14      % 4.20      %
2026-01-16 13:02:53,050 - INFO - 东阿阿胶         SZ000423   48.80      12.14    3.16     2.5409     5.21      % 3.84      %
2026-01-16 13:02:53,050 - INFO - 贵州茅台         SH600519   1384.20    24.64    6.74     68.6400    4.96      % 3.66      %
2026-01-16 13:02:53,050 - INFO - 
  Ranking (F1 Yield):
2026-01-16 13:02:53,052 - INFO -     1. 五粮液: 7.79%
2026-01-16 13:02:53,052 - INFO -     2. 洋河股份: 7.14%
2026-01-16 13:02:53,052 - INFO -     3. 东阿阿胶: 5.21%
2026-01-16 13:02:53,052 - INFO -     4. 贵州茅台: 4.96%
2026-01-16 13:02:53,052 - INFO - 
[KouJing2: Annual]
2026-01-16 13:02:53,052 - INFO - Name         Code       Price      ROE      PB       Div        F1-Yield   F2-ROE/PB 
2026-01-16 13:02:53,052 - INFO - ------------------------------------------------------------------------------------------
2026-01-16 13:02:53,052 - INFO - 五粮液          SZ000858   105.38     15.37    2.87     8.2062     7.79      % 5.36      %
2026-01-16 13:02:53,052 - INFO - 洋河股份         SZ002304   62.01      8.06     1.92     4.4299     7.14      % 4.20      %
2026-01-16 13:02:53,053 - INFO - 东阿阿胶         SZ000423   48.80      12.14    3.16     2.4200     4.96      % 3.84      %
2026-01-16 13:02:53,053 - INFO - 贵州茅台         SH600519   1384.20    24.64    6.74     68.6400    4.96      % 3.66      %
2026-01-16 13:02:53,054 - INFO - 
  Ranking (F1 Yield):
2026-01-16 13:02:53,054 - INFO -     1. 五粮液: 7.79%
2026-01-16 13:02:53,055 - INFO -     2. 洋河股份: 7.14%
2026-01-16 13:02:53,055 - INFO -     3. 东阿阿胶: 4.96%
2026-01-16 13:02:53,055 - INFO -     4. 贵州茅台: 4.96%
2026-01-16 13:02:53,056 - INFO - 
[Formula 2: ROE/PB Ranking]
2026-01-16 13:02:53,056 - INFO -     1. 五粮液: 5.36%
2026-01-16 13:02:53,056 - INFO -     2. 洋河股份: 4.20%
2026-01-16 13:02:53,057 - INFO -     3. 东阿阿胶: 3.84%
2026-01-16 13:02:53,057 - INFO -     4. 贵州茅台: 3.66%
2026-01-16 13:02:53,371 - INFO - 
[Guaranteed Dividend Notes]
2026-01-16 13:02:53,371 - INFO -   东阿阿胶: 【保底分红】东阿阿胶：需查阅公司公告确认是否有未来三年保底分红承诺
2026-01-16 13:02:53,373 - INFO -   五粮液: 【保底分红】五粮液：需查阅公司公告确认是否有未来三年保底分红承诺
2026-01-16 13:02:53,375 - INFO -   贵州茅台: 【保底分红】贵州茅台：需查阅公司公告确认是否有未来三年保底分红承诺
2026-01-16 13:02:53,376 - INFO -   洋河股份: 【保底分红】洋河股份：需查阅公司公告确认是否有未来三年保底分红承诺
2026-01-16 13:02:53,377 - INFO - ====================================================================================================
2026-01-16 13:02:53,377 - INFO - Formulas:
2026-01-16 13:02:53,377 - INFO -   F1 = (Dividend / Price) x 100%
2026-01-16 13:02:53,378 - INFO -   F2 = ROE / PB x 100%
2026-01-16 13:02:53,378 - INFO -   LTM = 2024 Annual + 2025 Mid
2026-01-16 13:02:53,378 - INFO - ====================================================================================================
2026-01-16 13:02:53,379 - INFO - Output files saved to: data/output
2026-01-16 13:02:53,379 - INFO - ROI Calculator (Enhanced Version) Completed
2026-01-16 13:02:53,380 - INFO - ======================================================================
2026-01-16 13:40:29,897 - INFO - ======================================================================
2026-01-16 13:40:29,898 - INFO - ROI Calculator (Enhanced Version) Started
2026-01-16 13:40:29,898 - INFO - Date: 2026-01-16 13:40:29
2026-01-16 13:40:29,898 - INFO - Stocks: 4
2026-01-16 13:40:29,898 - INFO - Data Source: Tencent (price) + akshare (finance + dividend)
2026-01-16 13:40:29,898 - INFO - ======================================================================
2026-01-16 13:40:29,898 - INFO - [东阿阿胶] Processing...
2026-01-16 13:40:30,545 - INFO - [东阿阿胶] Price: 49.02
2026-01-16 13:40:32,151 - INFO - [东阿阿胶] ROE: 12.14%, BPS: 15.447619818505, PB: 3.17
2026-01-16 13:40:43,074 - INFO - [东阿阿胶] Dividends - Annual2024: 2.42, Mid2024: 1.1489, Mid2025: 1.2698
2026-01-16 13:40:43,074 - INFO - [东阿阿胶] Dividend-Yield(from akshare): LTM=12.70%, Annual=12.73%
2026-01-16 13:40:43,074 - INFO - [东阿阿胶] KouJing1(LTM): F1=12.70%, F2=3.83%
2026-01-16 13:40:43,074 - INFO - [东阿阿胶] KouJing2(Annual): F1=12.73%, F2=3.83%
2026-01-16 13:40:43,074 - INFO - Data fetch time: 13.2 seconds
2026-01-16 13:40:43,074 - INFO - ====================================================================================================
2026-01-16 13:40:43,074 - INFO - ROI Summary
2026-01-16 13:40:43,074 - INFO - ====================================================================================================
2026-01-16 13:40:43,074 - INFO - 
[KouJing1: LTM]
2026-01-16 13:40:43,074 - INFO - Name         Code       Price      ROE      PB       Div        F1-Yield   F2-ROE/PB 
2026-01-16 13:40:43,074 - INFO - ------------------------------------------------------------------------------------------
2026-01-16 13:40:43,074 - INFO - 东阿阿胶         SZ000423   49.02      12.14    3.17     2.5409     12.70     % 3.83      %
2026-01-16 13:40:43,074 - INFO - 
  Ranking (F1 Yield):
2026-01-16 13:40:43,074 - INFO -     1. 东阿阿胶: 12.70%
2026-01-16 13:40:43,074 - INFO - 
[KouJing2: Annual]
2026-01-16 13:40:43,074 - INFO - Name         Code       Price      ROE      PB       Div        F1-Yield   F2-ROE/PB 
2026-01-16 13:40:43,074 - INFO - ------------------------------------------------------------------------------------------
2026-01-16 13:40:43,074 - INFO - 东阿阿胶         SZ000423   49.02      12.14    3.17     2.4200     12.73     % 3.83      %
2026-01-16 13:40:43,075 - INFO - 
  Ranking (F1 Yield):
2026-01-16 13:40:43,075 - INFO -     1. 东阿阿胶: 12.73%
2026-01-16 13:40:43,075 - INFO - 
[Formula 2: ROE/PB Ranking]
2026-01-16 13:40:43,075 - INFO -     1. 东阿阿胶: 3.83%
2026-01-16 13:40:43,984 - INFO - 
[Guaranteed Dividend Notes]
2026-01-16 13:40:43,984 - INFO -   东阿阿胶: 【保底分红】东阿阿胶：需查阅公司公告确认是否有未来三年保底分红承诺
2026-01-16 13:40:43,985 - INFO - ====================================================================================================
2026-01-16 13:40:43,985 - INFO - Formulas:
2026-01-16 13:40:43,985 - INFO -   F1 = (Dividend / Price) x 100%
2026-01-16 13:40:43,985 - INFO -   F2 = ROE / PB x 100%
2026-01-16 13:40:43,985 - INFO -   LTM = 2024 Annual + 2025 Mid
2026-01-16 13:40:43,985 - INFO - ====================================================================================================
2026-01-16 13:40:43,985 - INFO - Output files saved to: data/output
2026-01-16 13:40:43,985 - INFO - ROI Calculator (Enhanced Version) Completed
2026-01-16 13:40:43,985 - INFO - ======================================================================
2026-01-16 13:40:43,996 - INFO - [五粮液] Processing...
2026-01-16 13:40:44,654 - INFO - [五粮液] Price: 105.5
2026-01-16 13:40:45,398 - INFO - [五粮液] ROE: 15.37%, BPS: 36.710492820207, PB: 2.87
2026-01-16 13:40:57,175 - INFO - [五粮液] Dividends - Annual2024: 8.2062, Mid2024: 0, Mid2025: 0
2026-01-16 13:40:57,175 - INFO - [五粮液] Dividend-Yield(from akshare): LTM=7.78%, Annual=31.69%
2026-01-16 13:40:57,175 - INFO - [五粮液] KouJing1(LTM): F1=7.78%, F2=5.36%
2026-01-16 13:40:57,175 - INFO - [五粮液] KouJing2(Annual): F1=31.69%, F2=5.36%
2026-01-16 13:40:57,175 - INFO - Data fetch time: 27.3 seconds
2026-01-16 13:40:57,175 - INFO - ====================================================================================================
2026-01-16 13:40:57,175 - INFO - ROI Summary
2026-01-16 13:40:57,175 - INFO - ====================================================================================================
2026-01-16 13:40:57,175 - INFO - 
[KouJing1: LTM]
2026-01-16 13:40:57,175 - INFO - Name         Code       Price      ROE      PB       Div        F1-Yield   F2-ROE/PB 
2026-01-16 13:40:57,175 - INFO - ------------------------------------------------------------------------------------------
2026-01-16 13:40:57,175 - INFO - 东阿阿胶         SZ000423   49.02      12.14    3.17     2.5409     12.70     % 3.83      %
2026-01-16 13:40:57,175 - INFO - 五粮液          SZ000858   105.50     15.37    2.87     8.2062     7.78      % 5.36      %
2026-01-16 13:40:57,175 - INFO - 
  Ranking (F1 Yield):
2026-01-16 13:40:57,175 - INFO -     1. 东阿阿胶: 12.70%
2026-01-16 13:40:57,175 - INFO -     2. 五粮液: 7.78%
2026-01-16 13:40:57,175 - INFO - 
[KouJing2: Annual]
2026-01-16 13:40:57,175 - INFO - Name         Code       Price      ROE      PB       Div        F1-Yield   F2-ROE/PB 
2026-01-16 13:40:57,175 - INFO - ------------------------------------------------------------------------------------------
2026-01-16 13:40:57,176 - INFO - 五粮液          SZ000858   105.50     15.37    2.87     8.2062     31.69     % 5.36      %
2026-01-16 13:40:57,176 - INFO - 东阿阿胶         SZ000423   49.02      12.14    3.17     2.4200     12.73     % 3.83      %
2026-01-16 13:40:57,176 - INFO - 
  Ranking (F1 Yield):
2026-01-16 13:40:57,176 - INFO -     1. 五粮液: 31.69%
2026-01-16 13:40:57,176 - INFO -     2. 东阿阿胶: 12.73%
2026-01-16 13:40:57,176 - INFO - 
[Formula 2: ROE/PB Ranking]
2026-01-16 13:40:57,176 - INFO -     1. 五粮液: 5.36%
2026-01-16 13:40:57,176 - INFO -     2. 东阿阿胶: 3.83%
2026-01-16 13:40:57,546 - INFO - 
[Guaranteed Dividend Notes]
2026-01-16 13:40:57,547 - INFO -   东阿阿胶: 【保底分红】东阿阿胶：需查阅公司公告确认是否有未来三年保底分红承诺
2026-01-16 13:40:57,547 - INFO -   五粮液: 【保底分红】五粮液：需查阅公司公告确认是否有未来三年保底分红承诺
2026-01-16 13:40:57,547 - INFO - ====================================================================================================
2026-01-16 13:40:57,547 - INFO - Formulas:
2026-01-16 13:40:57,547 - INFO -   F1 = (Dividend / Price) x 100%
2026-01-16 13:40:57,547 - INFO -   F2 = ROE / PB x 100%
2026-01-16 13:40:57,547 - INFO -   LTM = 2024 Annual + 2025 Mid
2026-01-16 13:40:57,547 - INFO - ====================================================================================================
2026-01-16 13:40:57,547 - INFO - Output files saved to: data/output
2026-01-16 13:40:57,547 - INFO - ROI Calculator (Enhanced Version) Completed
2026-01-16 13:40:57,547 - INFO - ======================================================================
2026-01-16 13:40:57,547 - INFO - [贵州茅台] Processing...
2026-01-16 13:40:58,249 - INFO - [贵州茅台] Price: 1389.0
2026-01-16 13:40:58,913 - INFO - [贵州茅台] ROE: 24.64%, BPS: 205.283142014385, PB: 6.77
2026-01-16 13:41:10,615 - INFO - [贵州茅台] Dividends - Annual2024: 68.64, Mid2024: 0, Mid2025: 0
2026-01-16 13:41:10,615 - INFO - [贵州茅台] Dividend-Yield(from akshare): LTM=4.94%, Annual=276.73%
2026-01-16 13:41:10,615 - INFO - [贵州茅台] KouJing1(LTM): F1=4.94%, F2=3.64%
2026-01-16 13:41:10,615 - INFO - [贵州茅台] KouJing2(Annual): F1=276.73%, F2=3.64%
2026-01-16 13:41:10,615 - INFO - Data fetch time: 40.7 seconds
2026-01-16 13:41:10,616 - INFO - ====================================================================================================
2026-01-16 13:41:10,616 - INFO - ROI Summary
2026-01-16 13:41:10,616 - INFO - ====================================================================================================
2026-01-16 13:41:10,616 - INFO - 
[KouJing1: LTM]
2026-01-16 13:41:10,616 - INFO - Name         Code       Price      ROE      PB       Div        F1-Yield   F2-ROE/PB 
2026-01-16 13:41:10,616 - INFO - ------------------------------------------------------------------------------------------
2026-01-16 13:41:10,616 - INFO - 东阿阿胶         SZ000423   49.02      12.14    3.17     2.5409     12.70     % 3.83      %
2026-01-16 13:41:10,616 - INFO - 五粮液          SZ000858   105.50     15.37    2.87     8.2062     7.78      % 5.36      %
2026-01-16 13:41:10,616 - INFO - 贵州茅台         SH600519   1389.00    24.64    6.77     68.6400    4.94      % 3.64      %
2026-01-16 13:41:10,616 - INFO - 
  Ranking (F1 Yield):
2026-01-16 13:41:10,616 - INFO -     1. 东阿阿胶: 12.70%
2026-01-16 13:41:10,616 - INFO -     2. 五粮液: 7.78%
2026-01-16 13:41:10,616 - INFO -     3. 贵州茅台: 4.94%
2026-01-16 13:41:10,616 - INFO - 
[KouJing2: Annual]
2026-01-16 13:41:10,616 - INFO - Name         Code       Price      ROE      PB       Div        F1-Yield   F2-ROE/PB 
2026-01-16 13:41:10,616 - INFO - ------------------------------------------------------------------------------------------
2026-01-16 13:41:10,616 - INFO - 贵州茅台         SH600519   1389.00    24.64    6.77     68.6400    276.73    % 3.64      %
2026-01-16 13:41:10,616 - INFO - 五粮液          SZ000858   105.50     15.37    2.87     8.2062     31.69     % 5.36      %
2026-01-16 13:41:10,616 - INFO - 东阿阿胶         SZ000423   49.02      12.14    3.17     2.4200     12.73     % 3.83      %
2026-01-16 13:41:10,616 - INFO - 
  Ranking (F1 Yield):
2026-01-16 13:41:10,616 - INFO -     1. 贵州茅台: 276.73%
2026-01-16 13:41:10,616 - INFO -     2. 五粮液: 31.69%
2026-01-16 13:41:10,616 - INFO -     3. 东阿阿胶: 12.73%
2026-01-16 13:41:10,617 - INFO - 
[Formula 2: ROE/PB Ranking]
2026-01-16 13:41:10,617 - INFO -     1. 五粮液: 5.36%
2026-01-16 13:41:10,617 - INFO -     2. 东阿阿胶: 3.83%
2026-01-16 13:41:10,617 - INFO -     3. 贵州茅台: 3.64%
2026-01-16 13:41:11,029 - INFO - 
[Guaranteed Dividend Notes]
2026-01-16 13:41:11,029 - INFO -   东阿阿胶: 【保底分红】东阿阿胶：需查阅公司公告确认是否有未来三年保底分红承诺
2026-01-16 13:41:11,030 - INFO -   五粮液: 【保底分红】五粮液：需查阅公司公告确认是否有未来三年保底分红承诺
2026-01-16 13:41:11,030 - INFO -   贵州茅台: 【保底分红】贵州茅台：需查阅公司公告确认是否有未来三年保底分红承诺
2026-01-16 13:41:11,030 - INFO - ====================================================================================================
2026-01-16 13:41:11,030 - INFO - Formulas:
2026-01-16 13:41:11,030 - INFO -   F1 = (Dividend / Price) x 100%
2026-01-16 13:41:11,030 - INFO -   F2 = ROE / PB x 100%
2026-01-16 13:41:11,030 - INFO -   LTM = 2024 Annual + 2025 Mid
2026-01-16 13:41:11,030 - INFO - ====================================================================================================
2026-01-16 13:41:11,030 - INFO - Output files saved to: data/output
2026-01-16 13:41:11,030 - INFO - ROI Calculator (Enhanced Version) Completed
2026-01-16 13:41:11,030 - INFO - ======================================================================
2026-01-16 13:41:11,030 - INFO - [洋河股份] Processing...
2026-01-16 13:41:11,740 - INFO - [洋河股份] Price: 62.1
2026-01-16 13:41:12,557 - INFO - [洋河股份] ROE: 8.06%, BPS: 32.236885718649, PB: 1.93
2026-01-16 13:41:23,634 - INFO - [洋河股份] Dividends - Annual2024: 4.4299, Mid2024: 0, Mid2025: 0
2026-01-16 13:41:23,634 - INFO - [洋河股份] Dividend-Yield(from akshare): LTM=7.13%, Annual=23.17%
2026-01-16 13:41:23,634 - INFO - [洋河股份] KouJing1(LTM): F1=7.13%, F2=4.18%
2026-01-16 13:41:23,634 - INFO - [洋河股份] KouJing2(Annual): F1=23.17%, F2=4.18%
2026-01-16 13:41:23,634 - INFO - Data fetch time: 53.7 seconds
2026-01-16 13:41:23,634 - INFO - ====================================================================================================
2026-01-16 13:41:23,634 - INFO - ROI Summary
2026-01-16 13:41:23,634 - INFO - ====================================================================================================
2026-01-16 13:41:23,634 - INFO - 
[KouJing1: LTM]
2026-01-16 13:41:23,634 - INFO - Name         Code       Price      ROE      PB       Div        F1-Yield   F2-ROE/PB 
2026-01-16 13:41:23,634 - INFO - ------------------------------------------------------------------------------------------
2026-01-16 13:41:23,634 - INFO - 东阿阿胶         SZ000423   49.02      12.14    3.17     2.5409     12.70     % 3.83      %
2026-01-16 13:41:23,634 - INFO - 五粮液          SZ000858   105.50     15.37    2.87     8.2062     7.78      % 5.36      %
2026-01-16 13:41:23,634 - INFO - 洋河股份         SZ002304   62.10      8.06     1.93     4.4299     7.13      % 4.18      %
2026-01-16 13:41:23,635 - INFO - 贵州茅台         SH600519   1389.00    24.64    6.77     68.6400    4.94      % 3.64      %
2026-01-16 13:41:23,635 - INFO - 
  Ranking (F1 Yield):
2026-01-16 13:41:23,635 - INFO -     1. 东阿阿胶: 12.70%
2026-01-16 13:41:23,635 - INFO -     2. 五粮液: 7.78%
2026-01-16 13:41:23,635 - INFO -     3. 洋河股份: 7.13%
2026-01-16 13:41:23,635 - INFO -     4. 贵州茅台: 4.94%
2026-01-16 13:41:23,635 - INFO - 
[KouJing2: Annual]
2026-01-16 13:41:23,635 - INFO - Name         Code       Price      ROE      PB       Div        F1-Yield   F2-ROE/PB 
2026-01-16 13:41:23,635 - INFO - ------------------------------------------------------------------------------------------
2026-01-16 13:41:23,635 - INFO - 贵州茅台         SH600519   1389.00    24.64    6.77     68.6400    276.73    % 3.64      %
2026-01-16 13:41:23,635 - INFO - 五粮液          SZ000858   105.50     15.37    2.87     8.2062     31.69     % 5.36      %
2026-01-16 13:41:23,635 - INFO - 洋河股份         SZ002304   62.10      8.06     1.93     4.4299     23.17     % 4.18      %
2026-01-16 13:41:23,635 - INFO - 东阿阿胶         SZ000423   49.02      12.14    3.17     2.4200     12.73     % 3.83      %
2026-01-16 13:41:23,635 - INFO - 
  Ranking (F1 Yield):
2026-01-16 13:41:23,635 - INFO -     1. 贵州茅台: 276.73%
2026-01-16 13:41:23,635 - INFO -     2. 五粮液: 31.69%
2026-01-16 13:41:23,635 - INFO -     3. 洋河股份: 23.17%
2026-01-16 13:41:23,635 - INFO -     4. 东阿阿胶: 12.73%
2026-01-16 13:41:23,635 - INFO - 
[Formula 2: ROE/PB Ranking]
2026-01-16 13:41:23,635 - INFO -     1. 五粮液: 5.36%
2026-01-16 13:41:23,635 - INFO -     2. 洋河股份: 4.18%
2026-01-16 13:41:23,635 - INFO -     3. 东阿阿胶: 3.83%
2026-01-16 13:41:23,635 - INFO -     4. 贵州茅台: 3.64%
2026-01-16 13:41:23,998 - INFO - 
[Guaranteed Dividend Notes]
2026-01-16 13:41:23,998 - INFO -   东阿阿胶: 【保底分红】东阿阿胶：需查阅公司公告确认是否有未来三年保底分红承诺
2026-01-16 13:41:23,998 - INFO -   五粮液: 【保底分红】五粮液：需查阅公司公告确认是否有未来三年保底分红承诺
2026-01-16 13:41:23,998 - INFO -   贵州茅台: 【保底分红】贵州茅台：需查阅公司公告确认是否有未来三年保底分红承诺
2026-01-16 13:41:23,998 - INFO -   洋河股份: 【保底分红】洋河股份：需查阅公司公告确认是否有未来三年保底分红承诺
2026-01-16 13:41:23,999 - INFO - ====================================================================================================
2026-01-16 13:41:23,999 - INFO - Formulas:
2026-01-16 13:41:23,999 - INFO -   F1 = (Dividend / Price) x 100%
2026-01-16 13:41:23,999 - INFO -   F2 = ROE / PB x 100%
2026-01-16 13:41:23,999 - INFO -   LTM = 2024 Annual + 2025 Mid
2026-01-16 13:41:23,999 - INFO - ====================================================================================================
2026-01-16 13:41:23,999 - INFO - Output files saved to: data/output
2026-01-16 13:41:23,999 - INFO - ROI Calculator (Enhanced Version) Completed
2026-01-16 13:41:23,999 - INFO - ======================================================================
